drop table if exists smallt;
NOTICE:  table "smallt" does not exist, skipping
create table smallt (i int, t text, d date) distributed by (i);
insert into smallt select i%10, 'text ' || (i%15), '2011-01-01'::date + ((i%20) || ' days')::interval
from generate_series(0, 99) i;
drop table if exists bigt;
NOTICE:  table "bigt" does not exist, skipping
create table bigt (i int, t text, d date) distributed by (i);
insert into bigt select i/10, 'text ' || (i/15), '2011-01-01'::date + ((i/20) || ' days')::interval
from generate_series(0, 999999) i;
drop table if exists smallt2;
NOTICE:  table "smallt2" does not exist, skipping
create table smallt2 (i int, t text, d date) distributed by (i);
insert into smallt2 select i%5, 'text ' || (i%10), '2011-01-01'::date + ((i%15) || ' days')::interval
from generate_series(0, 49) i;
set optimizer_segments = 3;
-- HashAgg, Agg
select d, count(*) from smallt group by d;
     d      | count 
------------+-------
 01-07-2011 |     5
 01-10-2011 |     5
 01-14-2011 |     5
 01-16-2011 |     5
 01-11-2011 |     5
 01-18-2011 |     5
 01-12-2011 |     5
 01-04-2011 |     5
 01-08-2011 |     5
 01-02-2011 |     5
 01-01-2011 |     5
 01-17-2011 |     5
 01-20-2011 |     5
 01-13-2011 |     5
 01-15-2011 |     5
 01-03-2011 |     5
 01-05-2011 |     5
 01-09-2011 |     5
 01-19-2011 |     5
 01-06-2011 |     5
(20 rows)

explain analyze select d, count(*) from smallt group by d;
                                                                         QUERY PLAN                                                                          
-------------------------------------------------------------------------------------------------------------------------------------------------------------
 Gather Motion 3:1  (slice2; segments: 3)  (cost=5.20..5.45 rows=20 width=12)
   Rows out:  20 rows at destination with 6.899 ms to first row, 7.175 ms to end, start offset by 0.381 ms.
   ->  HashAggregate  (cost=5.20..5.45 rows=7 width=12)
         Group By: smallt.d
         Rows out:  Avg 6.7 rows x 3 workers.  Max 9 rows (seg2) with 4.813 ms to first row, 6.460 ms to end, start offset by 0.976 ms.
         Executor memory:  4185K bytes avg, 4185K bytes max (seg0).
         ->  Redistribute Motion 3:3  (slice1; segments: 3)  (cost=4.50..4.90 rows=7 width=12)
               Hash Key: smallt.d
               Rows out:  Avg 6.7 rows x 3 workers at destination.  Max 9 rows (seg2) with 2.431 ms to first row, 3.213 ms to end, start offset by 1.595 ms.
               ->  HashAggregate  (cost=4.50..4.50 rows=7 width=12)
                     Group By: smallt.d
                     Rows out:  Avg 6.7 rows x 3 workers.  Max 10 rows (seg1) with 1.351 ms to first row, 2.771 ms to end, start offset by 1.634 ms.
                     Executor memory:  4185K bytes avg, 4185K bytes max (seg0).
                     ->  Seq Scan on smallt  (cost=0.00..4.00 rows=34 width=4)
                           Rows out:  Avg 33.3 rows x 3 workers.  Max 50 rows (seg1) with 0.051 ms to first row, 0.068 ms to end, start offset by 2.055 ms.
 Slice statistics:
   (slice0)    Executor memory: 163K bytes.
   (slice1)    Executor memory: 4368K bytes avg x 3 workers, 4368K bytes max (seg0).
   (slice2)    Executor memory: 4355K bytes avg x 3 workers, 4355K bytes max (seg0).
 Statement statistics:
   Memory used: 128000K bytes
 Settings:  optimizer_segments=3
 Total runtime: 8.233 ms
(23 rows)

set statement_mem=2560;
select count(*) from (select i, t, d, count(*) from bigt group by i, t, d) tmp;
 count  
--------
 133333
(1 row)

explain analyze select count(*) from (select i, t, d, count(*) from bigt group by i, t, d) tmp;
                                                                               QUERY PLAN                                                                               
------------------------------------------------------------------------------------------------------------------------------------------------------------------------
 Aggregate  (cost=24194.52..24194.53 rows=1 width=8)
   Rows out:  1 rows with 926 ms to end, start offset by 0.423 ms.
   ->  Gather Motion 3:1  (slice1; segments: 3)  (cost=24194.46..24194.51 rows=1 width=8)
         Rows out:  3 rows at destination with 855 ms to first row, 926 ms to end, start offset by 0.423 ms.
         ->  Aggregate  (cost=24194.46..24194.47 rows=1 width=8)
               Rows out:  Avg 1.0 rows x 3 workers.  Max 1 rows (seg0) with 866 ms to end, start offset by 1.300 ms.
               ->  Subquery Scan tmp  (cost=21639.28..23938.94 rows=34069 width=0)
                     Rows out:  Avg 44444.3 rows x 3 workers.  Max 44568 rows (seg0) with 748 ms to first row, 847 ms to end, start offset by 1.301 ms.
                     ->  HashAggregate  (cost=21639.28..22916.87 rows=34069 width=48)
                           Group By: bigt.i, bigt.t, bigt.d
                           Rows out:  Avg 44444.3 rows x 3 workers.  Max 44568 rows (seg0) with 748 ms to first row, 823 ms to end, start offset by 1.301 ms.
                           Executor memory:  2635K bytes avg, 2635K bytes max (seg0).
                           Work_mem used:  2360K bytes avg, 2361K bytes max (seg0). Workfile: (3 spilling, 0 reused)
                           Work_mem wanted: 4543K bytes avg, 4631K bytes max (seg0) to lessen workfile I/O affecting 3 workers.
                           (seg0)   44568 groups total in 32 batches; 1 overflows; 44568 spill groups.
                           (seg0)   Hash chain length 1.6 avg, 13 max, using 48983 of 270336 buckets.
                           ->  Seq Scan on bigt  (cost=0.00..11615.14 rows=334138 width=18)
                                 Rows out:  Avg 333333.3 rows x 3 workers.  Max 333490 rows (seg0) with 0.034 ms to first row, 111 ms to end, start offset by 1.328 ms.
 Slice statistics:
   (slice0)    Executor memory: 227K bytes.
   (slice1)  * Executor memory: 2861K bytes avg x 3 workers, 2861K bytes max (seg0).  Work_mem: 2361K bytes max, 4631K bytes wanted.
 Statement statistics:
   Memory used: 2560K bytes
   Memory wanted: 5130K bytes
 Settings:  optimizer_segments=3
 Total runtime: 939.757 ms
(26 rows)

set statement_mem=128000;
-- DQA
set gp_enable_agg_distinct=off;
set gp_eager_one_phase_agg=on;
select count(distinct d) from smallt;
 count 
-------
    20
(1 row)

explain analyze select count(distinct d) from smallt;
                                                                   QUERY PLAN                                                                   
------------------------------------------------------------------------------------------------------------------------------------------------
 Aggregate  (cost=8.25..8.26 rows=1 width=8)
   Rows out:  1 rows with 0.794 ms to first row, 0.795 ms to end, start offset by 0.277 ms.
   Executor memory:  33K bytes.
   Work_mem used:  33K bytes.
   ->  Gather Motion 3:1  (slice1; segments: 3)  (cost=0.00..8.00 rows=100 width=4)
         Rows out:  100 rows at destination with 0.501 ms to first row, 0.630 ms to end, start offset by 0.278 ms.
         ->  Seq Scan on smallt  (cost=0.00..4.00 rows=34 width=4)
               Rows out:  Avg 33.3 rows x 3 workers.  Max 50 rows (seg1) with 0.020 ms to first row, 0.049 ms to end, start offset by 0.635 ms.
 Slice statistics:
   (slice0)    Executor memory: 211K bytes.  Work_mem: 33K bytes max.
   (slice1)    Executor memory: 163K bytes avg x 3 workers, 163K bytes max (seg0).
 Statement statistics:
   Memory used: 128000K bytes
 Settings:  gp_enable_agg_distinct=off; optimizer_segments=3
 Total runtime: 1.277 ms
(15 rows)

set statement_mem=2560;
select count(distinct d) from bigt;
 count 
-------
 50000
(1 row)

explain analyze select count(distinct d) from bigt;
                                                                      QUERY PLAN                                                                      
------------------------------------------------------------------------------------------------------------------------------------------------------
 Aggregate  (cost=54217.74..54217.75 rows=1 width=8)
   Rows out:  1 rows with 4263 ms to end, start offset by 0.414 ms.
   Executor memory:  2601K bytes.
   Work_mem used:  2601K bytes.
   Work_mem wanted: 23514K bytes to lessen workfile I/O.
   ->  Gather Motion 3:1  (slice1; segments: 3)  (cost=0.00..51711.70 rows=1002414 width=4)
         Rows out:  1000000 rows at destination with 2.833 ms to first row, 1071 ms to end, start offset by 0.415 ms.
         ->  Seq Scan on bigt  (cost=0.00..11615.14 rows=334138 width=4)
               Rows out:  Avg 333333.3 rows x 3 workers.  Max 333490 rows (seg0) with 0.075 ms to first row, 150 ms to end, start offset by 1.719 ms.
 Slice statistics:
   (slice0)  * Executor memory: 2995K bytes.  Work_mem: 2601K bytes max, 23514K bytes wanted.
   (slice1)    Executor memory: 187K bytes avg x 3 workers, 187K bytes max (seg0).
 Statement statistics:
   Memory used: 2560K bytes
   Memory wanted: 23713K bytes
 Settings:  gp_enable_agg_distinct=off; optimizer_segments=3
 Total runtime: 4263.290 ms
(17 rows)

set statement_mem=128000;
set gp_enable_agg_distinct=on;
set gp_eager_one_phase_agg=off;
-- Rescan on Agg (with Material in the inner side of nestloop)
-- start_ignore
-- Known_opt_diff: This test is only here for the planner. It doesn't exercise eagerfree in ORCA plans
-- end_ignore
set enable_nestloop=on;
set enable_hashjoin=off;
select t1.*, t2.* from
(select d, count(*) from smallt group by d) as t1, (select d, sum(i) from smallt group by d) as t2
where t1.d = t2.d;
     d      | count |     d      | sum 
------------+-------+------------+-----
 01-10-2011 |     5 | 01-10-2011 |  45
 01-14-2011 |     5 | 01-14-2011 |  15
 01-16-2011 |     5 | 01-16-2011 |  25
 01-07-2011 |     5 | 01-07-2011 |  30
 01-11-2011 |     5 | 01-11-2011 |   0
 01-17-2011 |     5 | 01-17-2011 |  30
 01-18-2011 |     5 | 01-18-2011 |  35
 01-12-2011 |     5 | 01-12-2011 |   5
 01-04-2011 |     5 | 01-04-2011 |  15
 01-08-2011 |     5 | 01-08-2011 |  35
 01-02-2011 |     5 | 01-02-2011 |   5
 01-20-2011 |     5 | 01-20-2011 |  45
 01-01-2011 |     5 | 01-01-2011 |   0
 01-03-2011 |     5 | 01-03-2011 |  10
 01-05-2011 |     5 | 01-05-2011 |  20
 01-13-2011 |     5 | 01-13-2011 |  10
 01-09-2011 |     5 | 01-09-2011 |  40
 01-19-2011 |     5 | 01-19-2011 |  40
 01-15-2011 |     5 | 01-15-2011 |  20
 01-06-2011 |     5 | 01-06-2011 |  25
(20 rows)

explain analyze select t1.*, t2.* from
(select d, count(*) from smallt group by d) as t1, (select d, sum(i) from smallt group by d) as t2
where t1.d = t2.d;
                                                                               QUERY PLAN                                                                                
-------------------------------------------------------------------------------------------------------------------------------------------------------------------------
 Gather Motion 3:1  (slice3; segments: 3)  (cost=10.87..20.32 rows=20 width=24)
   Rows out:  20 rows at destination with 5.934 ms to first row, 6.643 ms to end, start offset by 0.950 ms.
   ->  Nested Loop  (cost=10.87..20.32 rows=7 width=24)
         Join Filter: t1.d = t2.d
         Rows out:  Avg 6.7 rows x 3 workers.  Max 9 rows (seg2) with 4.806 ms to first row, 5.457 ms to end, start offset by 1.572 ms.
         ->  HashAggregate  (cost=5.20..5.45 rows=7 width=12)
               Group By: public.smallt.d
               Rows out:  Avg 6.7 rows x 3 workers.  Max 9 rows (seg2) with 0.547 ms to first row, 1.090 ms to end, start offset by 5.828 ms.
               Executor memory:  2137K bytes avg, 2137K bytes max (seg0).
               ->  Redistribute Motion 3:3  (slice1; segments: 3)  (cost=4.50..4.90 rows=7 width=12)
                     Hash Key: public.smallt.d
                     Rows out:  Avg 6.7 rows x 3 workers at destination.  Max 9 rows (seg2) with 0.008 ms to first row, 0.015 ms to end, start offset by 5.936 ms.
                     ->  HashAggregate  (cost=4.50..4.50 rows=7 width=12)
                           Group By: public.smallt.d
                           Rows out:  Avg 6.7 rows x 3 workers.  Max 10 rows (seg1) with 0.954 ms to first row, 1.941 ms to end, start offset by 2.064 ms.
                           Executor memory:  2137K bytes avg, 2137K bytes max (seg0).
                           ->  Seq Scan on smallt  (cost=0.00..4.00 rows=34 width=4)
                                 Rows out:  Avg 33.3 rows x 3 workers.  Max 50 rows (seg1) with 0.046 ms to first row, 0.076 ms to end, start offset by 2.241 ms.
         ->  Materialize  (cost=5.67..5.87 rows=7 width=12)
               Rows out:  Avg 49.7 rows x 3 workers.  Max 82 rows (seg2) with 4.255 ms to first row, 4.272 ms to end of 10 scans, start offset by 6.782 ms.
               ->  HashAggregate  (cost=5.20..5.45 rows=7 width=12)
                     Group By: public.smallt.d
                     Rows out:  Avg 6.7 rows x 3 workers.  Max 9 rows (seg2) with 3.658 ms to first row, 4.170 ms to end, start offset by 1.651 ms.
                     Executor memory:  2137K bytes avg, 2137K bytes max (seg0).
                     ->  Redistribute Motion 3:3  (slice2; segments: 3)  (cost=4.50..4.90 rows=7 width=12)
                           Hash Key: public.smallt.d
                           Rows out:  Avg 6.7 rows x 3 workers at destination.  Max 9 rows (seg2) with 1.750 ms to first row, 2.849 ms to end, start offset by 1.832 ms.
                           ->  HashAggregate  (cost=4.50..4.50 rows=7 width=12)
                                 Group By: public.smallt.d
                                 Rows out:  Avg 6.7 rows x 3 workers.  Max 10 rows (seg1) with 1.007 ms to first row, 1.859 ms to end, start offset by 2.697 ms.
                                 Executor memory:  2137K bytes avg, 2137K bytes max (seg0).
                                 ->  Seq Scan on smallt  (cost=0.00..4.00 rows=34 width=8)
                                       Rows out:  Avg 33.3 rows x 3 workers.  Max 50 rows (seg1) with 0.046 ms to first row, 0.091 ms to end, start offset by 2.861 ms.
 Slice statistics:
   (slice0)    Executor memory: 227K bytes.
   (slice1)    Executor memory: 2384K bytes avg x 3 workers, 2384K bytes max (seg0).
   (slice2)    Executor memory: 2384K bytes avg x 3 workers, 2384K bytes max (seg0).
   (slice3)    Executor memory: 2387K bytes avg x 3 workers, 2387K bytes max (seg0).
 Statement statistics:
   Memory used: 128000K bytes
 Settings:  enable_hashjoin=off; enable_nestloop=on; gp_enable_agg_distinct=on; optimizer_segments=3
 Total runtime: 8.015 ms
(42 rows)

set enable_nestloop=off;
set enable_hashjoin=on;
-- Rescan on Agg (with Material in the inner side of nestloop)
-- start_ignore
-- Known_opt_diff: This test is only here for the planner. It doesn't exercise eagerfree in ORCA plans
-- end_ignore
set enable_nestloop=on;
set enable_hashjoin=off;
select t1.*, t2.* from
(select i, count(*) from smallt group by i) as t1, (select i, sum(i) from smallt group by i) as t2
where t1.i = t2.i;
 i | count | i | sum 
---+-------+---+-----
 2 |    10 | 2 |  20
 1 |    10 | 1 |  10
 0 |    10 | 0 |   0
 9 |    10 | 9 |  90
 8 |    10 | 8 |  80
 3 |    10 | 3 |  30
 6 |    10 | 6 |  60
 7 |    10 | 7 |  70
 5 |    10 | 5 |  50
 4 |    10 | 4 |  40
(10 rows)

explain analyze select t1.*, t2.* from
(select i, count(*) from smallt group by i) as t1, (select i, sum(i) from smallt group by i) as t2
where t1.i = t2.i;
                                                                         QUERY PLAN                                                                         
------------------------------------------------------------------------------------------------------------------------------------------------------------
 Gather Motion 3:1  (slice1; segments: 3)  (cost=9.23..11.71 rows=10 width=24)
   Rows out:  10 rows at destination with 4.727 ms to first row, 4.951 ms to end, start offset by 0.401 ms.
   ->  Nested Loop  (cost=9.23..11.71 rows=4 width=24)
         Join Filter: t1.i = t2.i
         Rows out:  Avg 3.3 rows x 3 workers.  Max 5 rows (seg1) with 3.360 ms to first row, 4.518 ms to end, start offset by 0.759 ms.
         ->  HashAggregate  (cost=4.50..4.62 rows=4 width=12)
               Group By: public.smallt.i
               Rows out:  Avg 3.3 rows x 3 workers.  Max 5 rows (seg1) with 1.011 ms to first row, 2.100 ms to end, start offset by 3.105 ms.
               Executor memory:  4185K bytes avg, 4185K bytes max (seg0).
               ->  Seq Scan on smallt  (cost=0.00..4.00 rows=34 width=4)
                     Rows out:  Avg 33.3 rows x 3 workers.  Max 50 rows (seg1) with 0.012 ms to first row, 0.026 ms to end, start offset by 3.373 ms.
         ->  Materialize  (cost=4.73..4.83 rows=4 width=12)
               Rows out:  Avg 13.7 rows x 3 workers.  Max 26 rows (seg1) with 2.344 ms to first row, 2.350 ms to end of 6 scans, start offset by 4.928 ms.
               ->  HashAggregate  (cost=4.50..4.62 rows=4 width=12)
                     Group By: public.smallt.i
                     Rows out:  Avg 3.3 rows x 3 workers.  Max 5 rows (seg1) with 1.114 ms to first row, 2.240 ms to end, start offset by 0.859 ms.
                     Executor memory:  4185K bytes avg, 4185K bytes max (seg0).
                     ->  Seq Scan on smallt  (cost=0.00..4.00 rows=34 width=4)
                           Rows out:  Avg 33.3 rows x 3 workers.  Max 50 rows (seg1) with 0.015 ms to first row, 0.034 ms to end, start offset by 1.207 ms.
 Slice statistics:
   (slice0)    Executor memory: 227K bytes.
   (slice1)    Executor memory: 4431K bytes avg x 3 workers, 4431K bytes max (seg0).
 Statement statistics:
   Memory used: 128000K bytes
 Settings:  enable_hashjoin=off; enable_nestloop=on; gp_enable_agg_distinct=on; optimizer_segments=3
 Total runtime: 5.742 ms
(26 rows)

set enable_nestloop=off;
set enable_hashjoin=on;
-- Limit on Agg
select d, count(*) from smallt group by d limit 5; --ignore
     d      | count 
------------+-------
 01-11-2011 |     5
 01-18-2011 |     5
 01-12-2011 |     5
 01-04-2011 |     5
 01-08-2011 |     5
(5 rows)

explain analyze select d, count(*) from smallt group by d limit 5;
                                                                               QUERY PLAN                                                                                
-------------------------------------------------------------------------------------------------------------------------------------------------------------------------
 Limit  (cost=5.20..5.36 rows=5 width=12)
   Rows out:  5 rows with 8.619 ms to first row, 8.625 ms to end, start offset by 0.480 ms.
   ->  Gather Motion 3:1  (slice2; segments: 3)  (cost=5.20..5.36 rows=5 width=12)
         Rows out:  5 rows at destination with 8.618 ms to first row, 8.622 ms to end, start offset by 0.481 ms.
         ->  Limit  (cost=5.20..5.26 rows=2 width=12)
               Rows out:  Avg 4.7 rows x 3 workers.  Max 5 rows (seg1) with 7.731 ms to first row, 8.421 ms to end, start offset by 0.966 ms.
               ->  HashAggregate  (cost=5.20..5.45 rows=7 width=12)
                     Group By: smallt.d
                     Rows out:  Avg 4.7 rows x 3 workers.  Max 5 rows (seg1) with 7.730 ms to first row, 8.416 ms to end, start offset by 0.966 ms.
                     Executor memory:  4185K bytes avg, 4185K bytes max (seg0).
                     ->  Redistribute Motion 3:3  (slice1; segments: 3)  (cost=4.50..4.90 rows=7 width=12)
                           Hash Key: smallt.d
                           Rows out:  Avg 6.7 rows x 3 workers at destination.  Max 9 rows (seg2) with 5.364 ms to first row, 6.051 ms to end, start offset by 1.397 ms.
                           ->  HashAggregate  (cost=4.50..4.50 rows=7 width=12)
                                 Group By: smallt.d
                                 Rows out:  Avg 6.7 rows x 3 workers.  Max 10 rows (seg1) with 4.006 ms to first row, 5.928 ms to end, start offset by 1.331 ms.
                                 Executor memory:  4185K bytes avg, 4185K bytes max (seg0).
                                 ->  Seq Scan on smallt  (cost=0.00..4.00 rows=34 width=4)
                                       Rows out:  Avg 33.3 rows x 3 workers.  Max 50 rows (seg1) with 0.057 ms to first row, 0.094 ms to end, start offset by 3.878 ms.
 Slice statistics:
   (slice0)    Executor memory: 227K bytes.
   (slice1)    Executor memory: 4432K bytes avg x 3 workers, 4432K bytes max (seg0).
   (slice2)    Executor memory: 4355K bytes avg x 3 workers, 4355K bytes max (seg0).
 Statement statistics:
   Memory used: 128000K bytes
 Settings:  enable_hashjoin=on; enable_nestloop=off; gp_enable_agg_distinct=on; optimizer_segments=3
 Total runtime: 10.994 ms
(27 rows)

-- HashJoin
select t1.* from smallt as t1, smallt as t2 where t1.i = t2.i;
 i |    t    |     d      
---+---------+------------
 3 | text 3  | 01-04-2011
 3 | text 3  | 01-04-2011
 3 | text 3  | 01-04-2011
 3 | text 3  | 01-04-2011
 3 | text 3  | 01-04-2011
 3 | text 3  | 01-04-2011
 3 | text 3  | 01-04-2011
 3 | text 3  | 01-04-2011
 3 | text 3  | 01-04-2011
 3 | text 3  | 01-04-2011
 4 | text 4  | 01-05-2011
 4 | text 4  | 01-05-2011
 4 | text 4  | 01-05-2011
 4 | text 4  | 01-05-2011
 4 | text 4  | 01-05-2011
 4 | text 4  | 01-05-2011
 4 | text 4  | 01-05-2011
 4 | text 4  | 01-05-2011
 4 | text 4  | 01-05-2011
 4 | text 4  | 01-05-2011
 5 | text 5  | 01-06-2011
 5 | text 5  | 01-06-2011
 5 | text 5  | 01-06-2011
 5 | text 5  | 01-06-2011
 5 | text 5  | 01-06-2011
 5 | text 5  | 01-06-2011
 5 | text 5  | 01-06-2011
 5 | text 5  | 01-06-2011
 5 | text 5  | 01-06-2011
 5 | text 5  | 01-06-2011
 6 | text 6  | 01-07-2011
 6 | text 6  | 01-07-2011
 6 | text 6  | 01-07-2011
 6 | text 6  | 01-07-2011
 6 | text 6  | 01-07-2011
 6 | text 6  | 01-07-2011
 6 | text 6  | 01-07-2011
 6 | text 6  | 01-07-2011
 6 | text 6  | 01-07-2011
 6 | text 6  | 01-07-2011
 7 | text 7  | 01-08-2011
 7 | text 7  | 01-08-2011
 7 | text 7  | 01-08-2011
 7 | text 7  | 01-08-2011
 7 | text 7  | 01-08-2011
 7 | text 7  | 01-08-2011
 7 | text 7  | 01-08-2011
 7 | text 7  | 01-08-2011
 7 | text 7  | 01-08-2011
 7 | text 7  | 01-08-2011
 3 | text 13 | 01-14-2011
 3 | text 13 | 01-14-2011
 3 | text 13 | 01-14-2011
 3 | text 13 | 01-14-2011
 3 | text 13 | 01-14-2011
 3 | text 13 | 01-14-2011
 3 | text 13 | 01-14-2011
 3 | text 13 | 01-14-2011
 3 | text 13 | 01-14-2011
 3 | text 13 | 01-14-2011
 4 | text 14 | 01-15-2011
 4 | text 14 | 01-15-2011
 4 | text 14 | 01-15-2011
 4 | text 14 | 01-15-2011
 4 | text 14 | 01-15-2011
 4 | text 14 | 01-15-2011
 4 | text 14 | 01-15-2011
 4 | text 14 | 01-15-2011
 4 | text 14 | 01-15-2011
 4 | text 14 | 01-15-2011
 5 | text 0  | 01-16-2011
 5 | text 0  | 01-16-2011
 5 | text 0  | 01-16-2011
 5 | text 0  | 01-16-2011
 5 | text 0  | 01-16-2011
 5 | text 0  | 01-16-2011
 5 | text 0  | 01-16-2011
 5 | text 0  | 01-16-2011
 5 | text 0  | 01-16-2011
 5 | text 0  | 01-16-2011
 6 | text 1  | 01-17-2011
 6 | text 1  | 01-17-2011
 6 | text 1  | 01-17-2011
 6 | text 1  | 01-17-2011
 6 | text 1  | 01-17-2011
 6 | text 1  | 01-17-2011
 6 | text 1  | 01-17-2011
 6 | text 1  | 01-17-2011
 6 | text 1  | 01-17-2011
 6 | text 1  | 01-17-2011
 7 | text 2  | 01-18-2011
 7 | text 2  | 01-18-2011
 7 | text 2  | 01-18-2011
 7 | text 2  | 01-18-2011
 7 | text 2  | 01-18-2011
 7 | text 2  | 01-18-2011
 7 | text 2  | 01-18-2011
 7 | text 2  | 01-18-2011
 7 | text 2  | 01-18-2011
 7 | text 2  | 01-18-2011
 3 | text 8  | 01-04-2011
 3 | text 8  | 01-04-2011
 3 | text 8  | 01-04-2011
 3 | text 8  | 01-04-2011
 3 | text 8  | 01-04-2011
 3 | text 8  | 01-04-2011
 3 | text 8  | 01-04-2011
 3 | text 8  | 01-04-2011
 3 | text 8  | 01-04-2011
 3 | text 8  | 01-04-2011
 4 | text 9  | 01-05-2011
 4 | text 9  | 01-05-2011
 4 | text 9  | 01-05-2011
 4 | text 9  | 01-05-2011
 4 | text 9  | 01-05-2011
 4 | text 9  | 01-05-2011
 4 | text 9  | 01-05-2011
 4 | text 9  | 01-05-2011
 4 | text 9  | 01-05-2011
 4 | text 9  | 01-05-2011
 5 | text 10 | 01-06-2011
 5 | text 10 | 01-06-2011
 5 | text 10 | 01-06-2011
 5 | text 10 | 01-06-2011
 5 | text 10 | 01-06-2011
 5 | text 10 | 01-06-2011
 5 | text 10 | 01-06-2011
 5 | text 10 | 01-06-2011
 5 | text 10 | 01-06-2011
 5 | text 10 | 01-06-2011
 6 | text 11 | 01-07-2011
 6 | text 11 | 01-07-2011
 6 | text 11 | 01-07-2011
 6 | text 11 | 01-07-2011
 6 | text 11 | 01-07-2011
 6 | text 11 | 01-07-2011
 6 | text 11 | 01-07-2011
 6 | text 11 | 01-07-2011
 6 | text 11 | 01-07-2011
 6 | text 11 | 01-07-2011
 7 | text 12 | 01-08-2011
 7 | text 12 | 01-08-2011
 7 | text 12 | 01-08-2011
 7 | text 12 | 01-08-2011
 7 | text 12 | 01-08-2011
 7 | text 12 | 01-08-2011
 7 | text 12 | 01-08-2011
 7 | text 12 | 01-08-2011
 7 | text 12 | 01-08-2011
 7 | text 12 | 01-08-2011
 3 | text 3  | 01-14-2011
 3 | text 3  | 01-14-2011
 3 | text 3  | 01-14-2011
 3 | text 3  | 01-14-2011
 3 | text 3  | 01-14-2011
 3 | text 3  | 01-14-2011
 3 | text 3  | 01-14-2011
 3 | text 3  | 01-14-2011
 3 | text 3  | 01-14-2011
 3 | text 3  | 01-14-2011
 4 | text 4  | 01-15-2011
 4 | text 4  | 01-15-2011
 4 | text 4  | 01-15-2011
 4 | text 4  | 01-15-2011
 4 | text 4  | 01-15-2011
 4 | text 4  | 01-15-2011
 4 | text 4  | 01-15-2011
 4 | text 4  | 01-15-2011
 4 | text 4  | 01-15-2011
 4 | text 4  | 01-15-2011
 5 | text 5  | 01-16-2011
 5 | text 5  | 01-16-2011
 5 | text 5  | 01-16-2011
 5 | text 5  | 01-16-2011
 5 | text 5  | 01-16-2011
 5 | text 5  | 01-16-2011
 5 | text 5  | 01-16-2011
 5 | text 5  | 01-16-2011
 5 | text 5  | 01-16-2011
 5 | text 5  | 01-16-2011
 6 | text 6  | 01-17-2011
 6 | text 6  | 01-17-2011
 6 | text 6  | 01-17-2011
 6 | text 6  | 01-17-2011
 6 | text 6  | 01-17-2011
 6 | text 6  | 01-17-2011
 6 | text 6  | 01-17-2011
 6 | text 6  | 01-17-2011
 6 | text 6  | 01-17-2011
 6 | text 6  | 01-17-2011
 7 | text 7  | 01-18-2011
 7 | text 7  | 01-18-2011
 7 | text 7  | 01-18-2011
 7 | text 7  | 01-18-2011
 7 | text 7  | 01-18-2011
 7 | text 7  | 01-18-2011
 7 | text 7  | 01-18-2011
 7 | text 7  | 01-18-2011
 7 | text 7  | 01-18-2011
 7 | text 7  | 01-18-2011
 3 | text 13 | 01-04-2011
 3 | text 13 | 01-04-2011
 3 | text 13 | 01-04-2011
 3 | text 13 | 01-04-2011
 3 | text 13 | 01-04-2011
 3 | text 13 | 01-04-2011
 3 | text 13 | 01-04-2011
 3 | text 13 | 01-04-2011
 3 | text 13 | 01-04-2011
 3 | text 13 | 01-04-2011
 4 | text 14 | 01-05-2011
 4 | text 14 | 01-05-2011
 4 | text 14 | 01-05-2011
 4 | text 14 | 01-05-2011
 4 | text 14 | 01-05-2011
 4 | text 14 | 01-05-2011
 4 | text 14 | 01-05-2011
 4 | text 14 | 01-05-2011
 4 | text 14 | 01-05-2011
 4 | text 14 | 01-05-2011
 5 | text 0  | 01-06-2011
 5 | text 0  | 01-06-2011
 5 | text 0  | 01-06-2011
 5 | text 0  | 01-06-2011
 5 | text 0  | 01-06-2011
 5 | text 0  | 01-06-2011
 5 | text 0  | 01-06-2011
 5 | text 0  | 01-06-2011
 5 | text 0  | 01-06-2011
 5 | text 0  | 01-06-2011
 6 | text 1  | 01-07-2011
 6 | text 1  | 01-07-2011
 6 | text 1  | 01-07-2011
 6 | text 1  | 01-07-2011
 6 | text 1  | 01-07-2011
 6 | text 1  | 01-07-2011
 6 | text 1  | 01-07-2011
 6 | text 1  | 01-07-2011
 6 | text 1  | 01-07-2011
 6 | text 1  | 01-07-2011
 7 | text 2  | 01-08-2011
 7 | text 2  | 01-08-2011
 7 | text 2  | 01-08-2011
 7 | text 2  | 01-08-2011
 7 | text 2  | 01-08-2011
 7 | text 2  | 01-08-2011
 7 | text 2  | 01-08-2011
 7 | text 2  | 01-08-2011
 7 | text 2  | 01-08-2011
 7 | text 2  | 01-08-2011
 3 | text 8  | 01-14-2011
 3 | text 8  | 01-14-2011
 3 | text 8  | 01-14-2011
 3 | text 8  | 01-14-2011
 3 | text 8  | 01-14-2011
 3 | text 8  | 01-14-2011
 3 | text 8  | 01-14-2011
 3 | text 8  | 01-14-2011
 3 | text 8  | 01-14-2011
 3 | text 8  | 01-14-2011
 4 | text 9  | 01-15-2011
 4 | text 9  | 01-15-2011
 4 | text 9  | 01-15-2011
 4 | text 9  | 01-15-2011
 4 | text 9  | 01-15-2011
 4 | text 9  | 01-15-2011
 4 | text 9  | 01-15-2011
 4 | text 9  | 01-15-2011
 4 | text 9  | 01-15-2011
 4 | text 9  | 01-15-2011
 5 | text 10 | 01-16-2011
 5 | text 10 | 01-16-2011
 5 | text 10 | 01-16-2011
 5 | text 10 | 01-16-2011
 5 | text 10 | 01-16-2011
 5 | text 10 | 01-16-2011
 5 | text 10 | 01-16-2011
 5 | text 10 | 01-16-2011
 5 | text 10 | 01-16-2011
 5 | text 10 | 01-16-2011
 6 | text 11 | 01-17-2011
 6 | text 11 | 01-17-2011
 6 | text 11 | 01-17-2011
 6 | text 11 | 01-17-2011
 6 | text 11 | 01-17-2011
 6 | text 11 | 01-17-2011
 6 | text 11 | 01-17-2011
 6 | text 11 | 01-17-2011
 6 | text 11 | 01-17-2011
 6 | text 11 | 01-17-2011
 8 | text 8  | 01-09-2011
 8 | text 8  | 01-09-2011
 8 | text 8  | 01-09-2011
 8 | text 8  | 01-09-2011
 8 | text 8  | 01-09-2011
 8 | text 8  | 01-09-2011
 8 | text 8  | 01-09-2011
 8 | text 8  | 01-09-2011
 8 | text 8  | 01-09-2011
 8 | text 8  | 01-09-2011
 9 | text 9  | 01-10-2011
 9 | text 9  | 01-10-2011
 9 | text 9  | 01-10-2011
 9 | text 9  | 01-10-2011
 9 | text 9  | 01-10-2011
 9 | text 9  | 01-10-2011
 9 | text 9  | 01-10-2011
 9 | text 9  | 01-10-2011
 9 | text 9  | 01-10-2011
 9 | text 9  | 01-10-2011
 8 | text 3  | 01-19-2011
 8 | text 3  | 01-19-2011
 8 | text 3  | 01-19-2011
 8 | text 3  | 01-19-2011
 8 | text 3  | 01-19-2011
 8 | text 3  | 01-19-2011
 8 | text 3  | 01-19-2011
 8 | text 3  | 01-19-2011
 8 | text 3  | 01-19-2011
 8 | text 3  | 01-19-2011
 9 | text 4  | 01-20-2011
 9 | text 4  | 01-20-2011
 9 | text 4  | 01-20-2011
 9 | text 4  | 01-20-2011
 9 | text 4  | 01-20-2011
 9 | text 4  | 01-20-2011
 9 | text 4  | 01-20-2011
 9 | text 4  | 01-20-2011
 9 | text 4  | 01-20-2011
 9 | text 4  | 01-20-2011
 8 | text 13 | 01-09-2011
 8 | text 13 | 01-09-2011
 8 | text 13 | 01-09-2011
 8 | text 13 | 01-09-2011
 8 | text 13 | 01-09-2011
 8 | text 13 | 01-09-2011
 8 | text 13 | 01-09-2011
 8 | text 13 | 01-09-2011
 8 | text 13 | 01-09-2011
 8 | text 13 | 01-09-2011
 9 | text 14 | 01-10-2011
 9 | text 14 | 01-10-2011
 9 | text 14 | 01-10-2011
 9 | text 14 | 01-10-2011
 9 | text 14 | 01-10-2011
 9 | text 14 | 01-10-2011
 9 | text 14 | 01-10-2011
 9 | text 14 | 01-10-2011
 9 | text 14 | 01-10-2011
 9 | text 14 | 01-10-2011
 8 | text 8  | 01-19-2011
 8 | text 8  | 01-19-2011
 8 | text 8  | 01-19-2011
 8 | text 8  | 01-19-2011
 8 | text 8  | 01-19-2011
 8 | text 8  | 01-19-2011
 8 | text 8  | 01-19-2011
 8 | text 8  | 01-19-2011
 8 | text 8  | 01-19-2011
 8 | text 8  | 01-19-2011
 9 | text 9  | 01-20-2011
 9 | text 9  | 01-20-2011
 9 | text 9  | 01-20-2011
 9 | text 9  | 01-20-2011
 9 | text 9  | 01-20-2011
 9 | text 9  | 01-20-2011
 9 | text 9  | 01-20-2011
 9 | text 9  | 01-20-2011
 9 | text 9  | 01-20-2011
 9 | text 9  | 01-20-2011
 8 | text 3  | 01-09-2011
 8 | text 3  | 01-09-2011
 8 | text 3  | 01-09-2011
 8 | text 3  | 01-09-2011
 8 | text 3  | 01-09-2011
 8 | text 3  | 01-09-2011
 8 | text 3  | 01-09-2011
 8 | text 3  | 01-09-2011
 8 | text 3  | 01-09-2011
 8 | text 3  | 01-09-2011
 9 | text 4  | 01-10-2011
 9 | text 4  | 01-10-2011
 9 | text 4  | 01-10-2011
 9 | text 4  | 01-10-2011
 9 | text 4  | 01-10-2011
 9 | text 4  | 01-10-2011
 9 | text 4  | 01-10-2011
 9 | text 4  | 01-10-2011
 9 | text 4  | 01-10-2011
 9 | text 4  | 01-10-2011
 8 | text 13 | 01-19-2011
 8 | text 13 | 01-19-2011
 8 | text 13 | 01-19-2011
 8 | text 13 | 01-19-2011
 8 | text 13 | 01-19-2011
 8 | text 13 | 01-19-2011
 8 | text 13 | 01-19-2011
 8 | text 13 | 01-19-2011
 8 | text 13 | 01-19-2011
 8 | text 13 | 01-19-2011
 9 | text 14 | 01-20-2011
 9 | text 14 | 01-20-2011
 9 | text 14 | 01-20-2011
 9 | text 14 | 01-20-2011
 9 | text 14 | 01-20-2011
 9 | text 14 | 01-20-2011
 9 | text 14 | 01-20-2011
 9 | text 14 | 01-20-2011
 9 | text 14 | 01-20-2011
 9 | text 14 | 01-20-2011
 8 | text 8  | 01-09-2011
 8 | text 8  | 01-09-2011
 8 | text 8  | 01-09-2011
 8 | text 8  | 01-09-2011
 8 | text 8  | 01-09-2011
 8 | text 8  | 01-09-2011
 8 | text 8  | 01-09-2011
 8 | text 8  | 01-09-2011
 8 | text 8  | 01-09-2011
 8 | text 8  | 01-09-2011
 9 | text 9  | 01-10-2011
 9 | text 9  | 01-10-2011
 9 | text 9  | 01-10-2011
 9 | text 9  | 01-10-2011
 9 | text 9  | 01-10-2011
 9 | text 9  | 01-10-2011
 9 | text 9  | 01-10-2011
 9 | text 9  | 01-10-2011
 9 | text 9  | 01-10-2011
 9 | text 9  | 01-10-2011
 8 | text 3  | 01-19-2011
 8 | text 3  | 01-19-2011
 8 | text 3  | 01-19-2011
 8 | text 3  | 01-19-2011
 8 | text 3  | 01-19-2011
 8 | text 3  | 01-19-2011
 8 | text 3  | 01-19-2011
 8 | text 3  | 01-19-2011
 8 | text 3  | 01-19-2011
 8 | text 3  | 01-19-2011
 9 | text 4  | 01-20-2011
 9 | text 4  | 01-20-2011
 9 | text 4  | 01-20-2011
 9 | text 4  | 01-20-2011
 9 | text 4  | 01-20-2011
 9 | text 4  | 01-20-2011
 9 | text 4  | 01-20-2011
 9 | text 4  | 01-20-2011
 9 | text 4  | 01-20-2011
 9 | text 4  | 01-20-2011
 8 | text 13 | 01-09-2011
 8 | text 13 | 01-09-2011
 8 | text 13 | 01-09-2011
 8 | text 13 | 01-09-2011
 8 | text 13 | 01-09-2011
 8 | text 13 | 01-09-2011
 8 | text 13 | 01-09-2011
 8 | text 13 | 01-09-2011
 8 | text 13 | 01-09-2011
 8 | text 13 | 01-09-2011
 9 | text 14 | 01-10-2011
 9 | text 14 | 01-10-2011
 9 | text 14 | 01-10-2011
 9 | text 14 | 01-10-2011
 9 | text 14 | 01-10-2011
 9 | text 14 | 01-10-2011
 9 | text 14 | 01-10-2011
 9 | text 14 | 01-10-2011
 9 | text 14 | 01-10-2011
 9 | text 14 | 01-10-2011
 8 | text 8  | 01-19-2011
 8 | text 8  | 01-19-2011
 8 | text 8  | 01-19-2011
 8 | text 8  | 01-19-2011
 8 | text 8  | 01-19-2011
 8 | text 8  | 01-19-2011
 8 | text 8  | 01-19-2011
 8 | text 8  | 01-19-2011
 8 | text 8  | 01-19-2011
 8 | text 8  | 01-19-2011
 9 | text 9  | 01-20-2011
 9 | text 9  | 01-20-2011
 9 | text 9  | 01-20-2011
 9 | text 9  | 01-20-2011
 9 | text 9  | 01-20-2011
 9 | text 9  | 01-20-2011
 9 | text 9  | 01-20-2011
 9 | text 9  | 01-20-2011
 9 | text 9  | 01-20-2011
 9 | text 9  | 01-20-2011
 0 | text 0  | 01-01-2011
 0 | text 0  | 01-01-2011
 0 | text 0  | 01-01-2011
 0 | text 0  | 01-01-2011
 0 | text 0  | 01-01-2011
 0 | text 0  | 01-01-2011
 0 | text 0  | 01-01-2011
 0 | text 0  | 01-01-2011
 0 | text 0  | 01-01-2011
 0 | text 0  | 01-01-2011
 1 | text 1  | 01-02-2011
 1 | text 1  | 01-02-2011
 1 | text 1  | 01-02-2011
 1 | text 1  | 01-02-2011
 1 | text 1  | 01-02-2011
 1 | text 1  | 01-02-2011
 1 | text 1  | 01-02-2011
 1 | text 1  | 01-02-2011
 1 | text 1  | 01-02-2011
 1 | text 1  | 01-02-2011
 2 | text 2  | 01-03-2011
 2 | text 2  | 01-03-2011
 2 | text 2  | 01-03-2011
 2 | text 2  | 01-03-2011
 2 | text 2  | 01-03-2011
 2 | text 2  | 01-03-2011
 2 | text 2  | 01-03-2011
 2 | text 2  | 01-03-2011
 2 | text 2  | 01-03-2011
 2 | text 2  | 01-03-2011
 0 | text 10 | 01-11-2011
 0 | text 10 | 01-11-2011
 0 | text 10 | 01-11-2011
 0 | text 10 | 01-11-2011
 0 | text 10 | 01-11-2011
 0 | text 10 | 01-11-2011
 0 | text 10 | 01-11-2011
 0 | text 10 | 01-11-2011
 0 | text 10 | 01-11-2011
 0 | text 10 | 01-11-2011
 1 | text 11 | 01-12-2011
 1 | text 11 | 01-12-2011
 1 | text 11 | 01-12-2011
 1 | text 11 | 01-12-2011
 1 | text 11 | 01-12-2011
 1 | text 11 | 01-12-2011
 1 | text 11 | 01-12-2011
 1 | text 11 | 01-12-2011
 1 | text 11 | 01-12-2011
 1 | text 11 | 01-12-2011
 2 | text 12 | 01-13-2011
 2 | text 12 | 01-13-2011
 2 | text 12 | 01-13-2011
 2 | text 12 | 01-13-2011
 2 | text 12 | 01-13-2011
 2 | text 12 | 01-13-2011
 2 | text 12 | 01-13-2011
 2 | text 12 | 01-13-2011
 2 | text 12 | 01-13-2011
 2 | text 12 | 01-13-2011
 0 | text 5  | 01-01-2011
 0 | text 5  | 01-01-2011
 0 | text 5  | 01-01-2011
 0 | text 5  | 01-01-2011
 0 | text 5  | 01-01-2011
 0 | text 5  | 01-01-2011
 0 | text 5  | 01-01-2011
 0 | text 5  | 01-01-2011
 0 | text 5  | 01-01-2011
 0 | text 5  | 01-01-2011
 1 | text 6  | 01-02-2011
 1 | text 6  | 01-02-2011
 1 | text 6  | 01-02-2011
 1 | text 6  | 01-02-2011
 1 | text 6  | 01-02-2011
 1 | text 6  | 01-02-2011
 1 | text 6  | 01-02-2011
 1 | text 6  | 01-02-2011
 1 | text 6  | 01-02-2011
 1 | text 6  | 01-02-2011
 2 | text 7  | 01-03-2011
 2 | text 7  | 01-03-2011
 2 | text 7  | 01-03-2011
 2 | text 7  | 01-03-2011
 2 | text 7  | 01-03-2011
 2 | text 7  | 01-03-2011
 2 | text 7  | 01-03-2011
 2 | text 7  | 01-03-2011
 2 | text 7  | 01-03-2011
 2 | text 7  | 01-03-2011
 0 | text 0  | 01-11-2011
 0 | text 0  | 01-11-2011
 0 | text 0  | 01-11-2011
 0 | text 0  | 01-11-2011
 0 | text 0  | 01-11-2011
 0 | text 0  | 01-11-2011
 0 | text 0  | 01-11-2011
 0 | text 0  | 01-11-2011
 0 | text 0  | 01-11-2011
 0 | text 0  | 01-11-2011
 1 | text 1  | 01-12-2011
 1 | text 1  | 01-12-2011
 1 | text 1  | 01-12-2011
 1 | text 1  | 01-12-2011
 1 | text 1  | 01-12-2011
 1 | text 1  | 01-12-2011
 1 | text 1  | 01-12-2011
 1 | text 1  | 01-12-2011
 1 | text 1  | 01-12-2011
 1 | text 1  | 01-12-2011
 2 | text 2  | 01-13-2011
 2 | text 2  | 01-13-2011
 2 | text 2  | 01-13-2011
 2 | text 2  | 01-13-2011
 2 | text 2  | 01-13-2011
 2 | text 2  | 01-13-2011
 2 | text 2  | 01-13-2011
 2 | text 2  | 01-13-2011
 2 | text 2  | 01-13-2011
 2 | text 2  | 01-13-2011
 0 | text 10 | 01-01-2011
 0 | text 10 | 01-01-2011
 0 | text 10 | 01-01-2011
 0 | text 10 | 01-01-2011
 0 | text 10 | 01-01-2011
 0 | text 10 | 01-01-2011
 0 | text 10 | 01-01-2011
 0 | text 10 | 01-01-2011
 0 | text 10 | 01-01-2011
 0 | text 10 | 01-01-2011
 1 | text 11 | 01-02-2011
 1 | text 11 | 01-02-2011
 1 | text 11 | 01-02-2011
 1 | text 11 | 01-02-2011
 1 | text 11 | 01-02-2011
 1 | text 11 | 01-02-2011
 1 | text 11 | 01-02-2011
 1 | text 11 | 01-02-2011
 1 | text 11 | 01-02-2011
 1 | text 11 | 01-02-2011
 2 | text 12 | 01-03-2011
 2 | text 12 | 01-03-2011
 2 | text 12 | 01-03-2011
 2 | text 12 | 01-03-2011
 2 | text 12 | 01-03-2011
 2 | text 12 | 01-03-2011
 2 | text 12 | 01-03-2011
 2 | text 12 | 01-03-2011
 2 | text 12 | 01-03-2011
 2 | text 12 | 01-03-2011
 0 | text 5  | 01-11-2011
 0 | text 5  | 01-11-2011
 0 | text 5  | 01-11-2011
 0 | text 5  | 01-11-2011
 0 | text 5  | 01-11-2011
 0 | text 5  | 01-11-2011
 0 | text 5  | 01-11-2011
 0 | text 5  | 01-11-2011
 0 | text 5  | 01-11-2011
 0 | text 5  | 01-11-2011
 1 | text 6  | 01-12-2011
 1 | text 6  | 01-12-2011
 1 | text 6  | 01-12-2011
 1 | text 6  | 01-12-2011
 1 | text 6  | 01-12-2011
 1 | text 6  | 01-12-2011
 1 | text 6  | 01-12-2011
 1 | text 6  | 01-12-2011
 1 | text 6  | 01-12-2011
 1 | text 6  | 01-12-2011
 2 | text 7  | 01-13-2011
 2 | text 7  | 01-13-2011
 2 | text 7  | 01-13-2011
 2 | text 7  | 01-13-2011
 2 | text 7  | 01-13-2011
 2 | text 7  | 01-13-2011
 2 | text 7  | 01-13-2011
 2 | text 7  | 01-13-2011
 2 | text 7  | 01-13-2011
 2 | text 7  | 01-13-2011
 0 | text 0  | 01-01-2011
 0 | text 0  | 01-01-2011
 0 | text 0  | 01-01-2011
 0 | text 0  | 01-01-2011
 0 | text 0  | 01-01-2011
 0 | text 0  | 01-01-2011
 0 | text 0  | 01-01-2011
 0 | text 0  | 01-01-2011
 0 | text 0  | 01-01-2011
 0 | text 0  | 01-01-2011
 1 | text 1  | 01-02-2011
 1 | text 1  | 01-02-2011
 1 | text 1  | 01-02-2011
 1 | text 1  | 01-02-2011
 1 | text 1  | 01-02-2011
 1 | text 1  | 01-02-2011
 1 | text 1  | 01-02-2011
 1 | text 1  | 01-02-2011
 1 | text 1  | 01-02-2011
 1 | text 1  | 01-02-2011
 2 | text 2  | 01-03-2011
 2 | text 2  | 01-03-2011
 2 | text 2  | 01-03-2011
 2 | text 2  | 01-03-2011
 2 | text 2  | 01-03-2011
 2 | text 2  | 01-03-2011
 2 | text 2  | 01-03-2011
 2 | text 2  | 01-03-2011
 2 | text 2  | 01-03-2011
 2 | text 2  | 01-03-2011
 0 | text 10 | 01-11-2011
 0 | text 10 | 01-11-2011
 0 | text 10 | 01-11-2011
 0 | text 10 | 01-11-2011
 0 | text 10 | 01-11-2011
 0 | text 10 | 01-11-2011
 0 | text 10 | 01-11-2011
 0 | text 10 | 01-11-2011
 0 | text 10 | 01-11-2011
 0 | text 10 | 01-11-2011
 1 | text 11 | 01-12-2011
 1 | text 11 | 01-12-2011
 1 | text 11 | 01-12-2011
 1 | text 11 | 01-12-2011
 1 | text 11 | 01-12-2011
 1 | text 11 | 01-12-2011
 1 | text 11 | 01-12-2011
 1 | text 11 | 01-12-2011
 1 | text 11 | 01-12-2011
 1 | text 11 | 01-12-2011
 2 | text 12 | 01-13-2011
 2 | text 12 | 01-13-2011
 2 | text 12 | 01-13-2011
 2 | text 12 | 01-13-2011
 2 | text 12 | 01-13-2011
 2 | text 12 | 01-13-2011
 2 | text 12 | 01-13-2011
 2 | text 12 | 01-13-2011
 2 | text 12 | 01-13-2011
 2 | text 12 | 01-13-2011
 0 | text 5  | 01-01-2011
 0 | text 5  | 01-01-2011
 0 | text 5  | 01-01-2011
 0 | text 5  | 01-01-2011
 0 | text 5  | 01-01-2011
 0 | text 5  | 01-01-2011
 0 | text 5  | 01-01-2011
 0 | text 5  | 01-01-2011
 0 | text 5  | 01-01-2011
 0 | text 5  | 01-01-2011
 1 | text 6  | 01-02-2011
 1 | text 6  | 01-02-2011
 1 | text 6  | 01-02-2011
 1 | text 6  | 01-02-2011
 1 | text 6  | 01-02-2011
 1 | text 6  | 01-02-2011
 1 | text 6  | 01-02-2011
 1 | text 6  | 01-02-2011
 1 | text 6  | 01-02-2011
 1 | text 6  | 01-02-2011
 2 | text 7  | 01-03-2011
 2 | text 7  | 01-03-2011
 2 | text 7  | 01-03-2011
 2 | text 7  | 01-03-2011
 2 | text 7  | 01-03-2011
 2 | text 7  | 01-03-2011
 2 | text 7  | 01-03-2011
 2 | text 7  | 01-03-2011
 2 | text 7  | 01-03-2011
 2 | text 7  | 01-03-2011
 0 | text 0  | 01-11-2011
 0 | text 0  | 01-11-2011
 0 | text 0  | 01-11-2011
 0 | text 0  | 01-11-2011
 0 | text 0  | 01-11-2011
 0 | text 0  | 01-11-2011
 0 | text 0  | 01-11-2011
 0 | text 0  | 01-11-2011
 0 | text 0  | 01-11-2011
 0 | text 0  | 01-11-2011
 1 | text 1  | 01-12-2011
 1 | text 1  | 01-12-2011
 1 | text 1  | 01-12-2011
 1 | text 1  | 01-12-2011
 1 | text 1  | 01-12-2011
 1 | text 1  | 01-12-2011
 1 | text 1  | 01-12-2011
 1 | text 1  | 01-12-2011
 1 | text 1  | 01-12-2011
 1 | text 1  | 01-12-2011
 7 | text 12 | 01-18-2011
 7 | text 12 | 01-18-2011
 7 | text 12 | 01-18-2011
 7 | text 12 | 01-18-2011
 7 | text 12 | 01-18-2011
 7 | text 12 | 01-18-2011
 7 | text 12 | 01-18-2011
 7 | text 12 | 01-18-2011
 7 | text 12 | 01-18-2011
 7 | text 12 | 01-18-2011
 3 | text 3  | 01-04-2011
 3 | text 3  | 01-04-2011
 3 | text 3  | 01-04-2011
 3 | text 3  | 01-04-2011
 3 | text 3  | 01-04-2011
 3 | text 3  | 01-04-2011
 3 | text 3  | 01-04-2011
 3 | text 3  | 01-04-2011
 3 | text 3  | 01-04-2011
 3 | text 3  | 01-04-2011
 4 | text 4  | 01-05-2011
 4 | text 4  | 01-05-2011
 4 | text 4  | 01-05-2011
 4 | text 4  | 01-05-2011
 4 | text 4  | 01-05-2011
 4 | text 4  | 01-05-2011
 4 | text 4  | 01-05-2011
 4 | text 4  | 01-05-2011
 4 | text 4  | 01-05-2011
 4 | text 4  | 01-05-2011
 5 | text 5  | 01-06-2011
 5 | text 5  | 01-06-2011
 5 | text 5  | 01-06-2011
 5 | text 5  | 01-06-2011
 5 | text 5  | 01-06-2011
 5 | text 5  | 01-06-2011
 5 | text 5  | 01-06-2011
 5 | text 5  | 01-06-2011
 5 | text 5  | 01-06-2011
 5 | text 5  | 01-06-2011
 6 | text 6  | 01-07-2011
 6 | text 6  | 01-07-2011
 6 | text 6  | 01-07-2011
 6 | text 6  | 01-07-2011
 6 | text 6  | 01-07-2011
 6 | text 6  | 01-07-2011
 6 | text 6  | 01-07-2011
 6 | text 6  | 01-07-2011
 6 | text 6  | 01-07-2011
 6 | text 6  | 01-07-2011
 7 | text 7  | 01-08-2011
 7 | text 7  | 01-08-2011
 7 | text 7  | 01-08-2011
 7 | text 7  | 01-08-2011
 7 | text 7  | 01-08-2011
 7 | text 7  | 01-08-2011
 7 | text 7  | 01-08-2011
 7 | text 7  | 01-08-2011
 7 | text 7  | 01-08-2011
 7 | text 7  | 01-08-2011
 3 | text 13 | 01-14-2011
 3 | text 13 | 01-14-2011
 3 | text 13 | 01-14-2011
 3 | text 13 | 01-14-2011
 3 | text 13 | 01-14-2011
 3 | text 13 | 01-14-2011
 3 | text 13 | 01-14-2011
 3 | text 13 | 01-14-2011
 3 | text 13 | 01-14-2011
 3 | text 13 | 01-14-2011
 4 | text 14 | 01-15-2011
 4 | text 14 | 01-15-2011
 4 | text 14 | 01-15-2011
 4 | text 14 | 01-15-2011
 4 | text 14 | 01-15-2011
 4 | text 14 | 01-15-2011
 4 | text 14 | 01-15-2011
 4 | text 14 | 01-15-2011
 4 | text 14 | 01-15-2011
 4 | text 14 | 01-15-2011
 5 | text 0  | 01-16-2011
 5 | text 0  | 01-16-2011
 5 | text 0  | 01-16-2011
 5 | text 0  | 01-16-2011
 5 | text 0  | 01-16-2011
 5 | text 0  | 01-16-2011
 5 | text 0  | 01-16-2011
 5 | text 0  | 01-16-2011
 5 | text 0  | 01-16-2011
 5 | text 0  | 01-16-2011
 6 | text 1  | 01-17-2011
 6 | text 1  | 01-17-2011
 6 | text 1  | 01-17-2011
 6 | text 1  | 01-17-2011
 6 | text 1  | 01-17-2011
 6 | text 1  | 01-17-2011
 6 | text 1  | 01-17-2011
 6 | text 1  | 01-17-2011
 6 | text 1  | 01-17-2011
 6 | text 1  | 01-17-2011
 7 | text 2  | 01-18-2011
 7 | text 2  | 01-18-2011
 7 | text 2  | 01-18-2011
 7 | text 2  | 01-18-2011
 7 | text 2  | 01-18-2011
 7 | text 2  | 01-18-2011
 7 | text 2  | 01-18-2011
 7 | text 2  | 01-18-2011
 7 | text 2  | 01-18-2011
 7 | text 2  | 01-18-2011
 3 | text 8  | 01-04-2011
 3 | text 8  | 01-04-2011
 3 | text 8  | 01-04-2011
 3 | text 8  | 01-04-2011
 3 | text 8  | 01-04-2011
 3 | text 8  | 01-04-2011
 3 | text 8  | 01-04-2011
 3 | text 8  | 01-04-2011
 3 | text 8  | 01-04-2011
 3 | text 8  | 01-04-2011
 4 | text 9  | 01-05-2011
 4 | text 9  | 01-05-2011
 4 | text 9  | 01-05-2011
 4 | text 9  | 01-05-2011
 4 | text 9  | 01-05-2011
 4 | text 9  | 01-05-2011
 4 | text 9  | 01-05-2011
 4 | text 9  | 01-05-2011
 4 | text 9  | 01-05-2011
 4 | text 9  | 01-05-2011
 5 | text 10 | 01-06-2011
 5 | text 10 | 01-06-2011
 5 | text 10 | 01-06-2011
 5 | text 10 | 01-06-2011
 5 | text 10 | 01-06-2011
 5 | text 10 | 01-06-2011
 5 | text 10 | 01-06-2011
 5 | text 10 | 01-06-2011
 5 | text 10 | 01-06-2011
 5 | text 10 | 01-06-2011
 6 | text 11 | 01-07-2011
 6 | text 11 | 01-07-2011
 6 | text 11 | 01-07-2011
 6 | text 11 | 01-07-2011
 6 | text 11 | 01-07-2011
 6 | text 11 | 01-07-2011
 6 | text 11 | 01-07-2011
 6 | text 11 | 01-07-2011
 6 | text 11 | 01-07-2011
 6 | text 11 | 01-07-2011
 7 | text 12 | 01-08-2011
 7 | text 12 | 01-08-2011
 7 | text 12 | 01-08-2011
 7 | text 12 | 01-08-2011
 7 | text 12 | 01-08-2011
 7 | text 12 | 01-08-2011
 7 | text 12 | 01-08-2011
 7 | text 12 | 01-08-2011
 7 | text 12 | 01-08-2011
 7 | text 12 | 01-08-2011
 3 | text 3  | 01-14-2011
 3 | text 3  | 01-14-2011
 3 | text 3  | 01-14-2011
 3 | text 3  | 01-14-2011
 3 | text 3  | 01-14-2011
 3 | text 3  | 01-14-2011
 3 | text 3  | 01-14-2011
 3 | text 3  | 01-14-2011
 3 | text 3  | 01-14-2011
 3 | text 3  | 01-14-2011
 4 | text 4  | 01-15-2011
 4 | text 4  | 01-15-2011
 4 | text 4  | 01-15-2011
 4 | text 4  | 01-15-2011
 4 | text 4  | 01-15-2011
 4 | text 4  | 01-15-2011
 4 | text 4  | 01-15-2011
 4 | text 4  | 01-15-2011
 4 | text 4  | 01-15-2011
 4 | text 4  | 01-15-2011
 5 | text 5  | 01-16-2011
 5 | text 5  | 01-16-2011
 5 | text 5  | 01-16-2011
 5 | text 5  | 01-16-2011
 5 | text 5  | 01-16-2011
 5 | text 5  | 01-16-2011
 5 | text 5  | 01-16-2011
 5 | text 5  | 01-16-2011
 5 | text 5  | 01-16-2011
 5 | text 5  | 01-16-2011
 6 | text 6  | 01-17-2011
 6 | text 6  | 01-17-2011
 6 | text 6  | 01-17-2011
 6 | text 6  | 01-17-2011
 6 | text 6  | 01-17-2011
 6 | text 6  | 01-17-2011
 6 | text 6  | 01-17-2011
 6 | text 6  | 01-17-2011
 6 | text 6  | 01-17-2011
 6 | text 6  | 01-17-2011
 7 | text 7  | 01-18-2011
 7 | text 7  | 01-18-2011
 7 | text 7  | 01-18-2011
 7 | text 7  | 01-18-2011
 7 | text 7  | 01-18-2011
 7 | text 7  | 01-18-2011
 7 | text 7  | 01-18-2011
 7 | text 7  | 01-18-2011
 7 | text 7  | 01-18-2011
 7 | text 7  | 01-18-2011
 2 | text 2  | 01-13-2011
 2 | text 2  | 01-13-2011
 2 | text 2  | 01-13-2011
 2 | text 2  | 01-13-2011
 2 | text 2  | 01-13-2011
 2 | text 2  | 01-13-2011
 2 | text 2  | 01-13-2011
 2 | text 2  | 01-13-2011
 2 | text 2  | 01-13-2011
 2 | text 2  | 01-13-2011
(1000 rows)

explain analyze select t1.* from smallt as t1, smallt as t2 where t1.i = t2.i;
                                                                      QUERY PLAN                                                                      
------------------------------------------------------------------------------------------------------------------------------------------------------
 Gather Motion 3:1  (slice1; segments: 3)  (cost=5.25..22.00 rows=1001 width=15)
   Rows out:  1000 rows at destination with 1.715 ms to first row, 3.998 ms to end, start offset by 0.302 ms.
   ->  Hash Join  (cost=5.25..22.00 rows=334 width=15)
         Hash Cond: t1.i = t2.i
         Rows out:  Avg 333.3 rows x 3 workers.  Max 500 rows (seg1) with 0.845 ms to first row, 3.152 ms to end, start offset by 0.638 ms.
         Executor memory:  1K bytes avg, 2K bytes max (seg1).
         Work_mem used:  1K bytes avg, 2K bytes max (seg1). Workfile: (0 spilling, 0 reused)
         (seg1)   Hash chain length 10.0 avg, 10 max, using 5 of 524341 buckets.
         ->  Seq Scan on smallt t1  (cost=0.00..4.00 rows=34 width=15)
               Rows out:  Avg 33.3 rows x 3 workers.  Max 50 rows (seg1) with 0.014 ms to first row, 0.028 ms to end, start offset by 0.638 ms.
         ->  Hash  (cost=4.00..4.00 rows=34 width=4)
               Rows in:  Avg 33.3 rows x 3 workers.  Max 50 rows (seg1) with 0.053 ms to end, start offset by 1.427 ms.
               ->  Seq Scan on smallt t2  (cost=0.00..4.00 rows=34 width=4)
                     Rows out:  Avg 33.3 rows x 3 workers.  Max 50 rows (seg1) with 0.015 ms to first row, 0.033 ms to end, start offset by 1.428 ms.
 Slice statistics:
   (slice0)    Executor memory: 203K bytes.
   (slice1)    Executor memory: 8396K bytes avg x 3 workers, 8400K bytes max (seg0).  Work_mem: 2K bytes max.
 Statement statistics:
   Memory used: 128000K bytes
 Settings:  enable_hashjoin=on; enable_nestloop=off; gp_enable_agg_distinct=on; optimizer_segments=3
 Total runtime: 4.581 ms
(21 rows)

-- Rescan on HashJoin
--select t1.* from (select t11.* from smallt as t11, smallt as t22 where t11.i = t22.i and t11.i < 2) as t1,
--   (select t11.* from smallt as t11, smallt as t22 where t11.d = t22.d and t11.i < 5) as t2;
-- Material in SubPlan
select smallt2.* from smallt2
where i < (select count(*) from smallt where smallt.i = smallt2.i);
 i |   t    |     d      
---+--------+------------
 0 | text 0 | 01-01-2011
 1 | text 1 | 01-02-2011
 2 | text 2 | 01-03-2011
 0 | text 5 | 01-06-2011
 1 | text 6 | 01-07-2011
 2 | text 7 | 01-08-2011
 0 | text 0 | 01-11-2011
 1 | text 1 | 01-12-2011
 2 | text 2 | 01-13-2011
 0 | text 5 | 01-01-2011
 1 | text 6 | 01-02-2011
 2 | text 7 | 01-03-2011
 0 | text 0 | 01-06-2011
 1 | text 1 | 01-07-2011
 2 | text 2 | 01-08-2011
 0 | text 5 | 01-11-2011
 1 | text 6 | 01-12-2011
 2 | text 7 | 01-13-2011
 0 | text 0 | 01-01-2011
 1 | text 1 | 01-02-2011
 2 | text 2 | 01-03-2011
 0 | text 5 | 01-06-2011
 1 | text 6 | 01-07-2011
 2 | text 7 | 01-08-2011
 0 | text 0 | 01-11-2011
 1 | text 1 | 01-12-2011
 2 | text 2 | 01-13-2011
 0 | text 5 | 01-01-2011
 1 | text 6 | 01-02-2011
 2 | text 7 | 01-03-2011
 3 | text 3 | 01-04-2011
 4 | text 4 | 01-05-2011
 3 | text 8 | 01-09-2011
 4 | text 9 | 01-10-2011
 3 | text 3 | 01-14-2011
 4 | text 4 | 01-15-2011
 3 | text 8 | 01-04-2011
 4 | text 9 | 01-05-2011
 3 | text 3 | 01-09-2011
 4 | text 4 | 01-10-2011
 3 | text 8 | 01-14-2011
 4 | text 9 | 01-15-2011
 3 | text 3 | 01-04-2011
 4 | text 4 | 01-05-2011
 3 | text 8 | 01-09-2011
 4 | text 9 | 01-10-2011
 3 | text 3 | 01-14-2011
 4 | text 4 | 01-15-2011
 3 | text 8 | 01-04-2011
 4 | text 9 | 01-05-2011
(50 rows)

explain select smallt2.* from smallt2
where i < (select count(*) from smallt where smallt.i = smallt2.i);
                                                     QUERY PLAN
--------------------------------------------------------------------------------------------------------------------
 Gather Motion 3:1  (slice1; segments: 3)  (cost=5.15..8.19 rows=17 width=15)
   ->  Hash Join  (cost=5.15..8.19 rows=6 width=15)
         Hash Cond: smallt2.i = "Expr_SUBQUERY".csq_c0
         Join Filter: smallt2.i < "Expr_SUBQUERY".csq_c1
         ->  Seq Scan on smallt2  (cost=0.00..2.50 rows=17 width=15)
         ->  Hash  (cost=5.02..5.02 rows=4 width=12)
               ->  Subquery Scan "Expr_SUBQUERY"  (cost=4.75..5.02 rows=4 width=12)
                     ->  HashAggregate  (cost=4.75..4.92 rows=4 width=12)
                           Filter: smallt.i < count(*)
                           Group By: smallt.i
                           ->  Seq Scan on smallt  (cost=0.00..4.00 rows=34 width=4)
 Settings:  enable_hashjoin=on; enable_nestloop=off; gp_enable_agg_distinct=on; optimizer=off; optimizer_segments=3
 Optimizer status: legacy query optimizer
(13 rows)

-- Sort in MergeJoin
-- start_ignore
-- Known_opt_diff: OPT-3417. Missing feature: Sort Merge Join
-- end_ignore
set enable_hashjoin=off;
set enable_mergejoin=on;
select t1.* from smallt as t1, smallt as t2 where t1.i = t2.i and t1.i < 2;
 i |    t    |     d      
---+---------+------------
 0 | text 0  | 01-01-2011
 0 | text 0  | 01-01-2011
 0 | text 0  | 01-01-2011
 0 | text 0  | 01-01-2011
 0 | text 0  | 01-01-2011
 0 | text 0  | 01-01-2011
 0 | text 0  | 01-01-2011
 0 | text 0  | 01-01-2011
 0 | text 0  | 01-01-2011
 0 | text 0  | 01-01-2011
 0 | text 0  | 01-11-2011
 0 | text 0  | 01-11-2011
 0 | text 0  | 01-11-2011
 0 | text 0  | 01-11-2011
 0 | text 0  | 01-11-2011
 0 | text 0  | 01-11-2011
 0 | text 0  | 01-11-2011
 0 | text 0  | 01-11-2011
 0 | text 0  | 01-11-2011
 0 | text 0  | 01-11-2011
 0 | text 5  | 01-01-2011
 0 | text 5  | 01-01-2011
 0 | text 5  | 01-01-2011
 0 | text 5  | 01-01-2011
 0 | text 5  | 01-01-2011
 0 | text 5  | 01-01-2011
 0 | text 5  | 01-01-2011
 0 | text 5  | 01-01-2011
 0 | text 5  | 01-01-2011
 0 | text 5  | 01-01-2011
 0 | text 10 | 01-11-2011
 0 | text 10 | 01-11-2011
 0 | text 10 | 01-11-2011
 0 | text 10 | 01-11-2011
 0 | text 10 | 01-11-2011
 0 | text 10 | 01-11-2011
 0 | text 10 | 01-11-2011
 0 | text 10 | 01-11-2011
 0 | text 10 | 01-11-2011
 0 | text 10 | 01-11-2011
 0 | text 0  | 01-01-2011
 0 | text 0  | 01-01-2011
 0 | text 0  | 01-01-2011
 0 | text 0  | 01-01-2011
 0 | text 0  | 01-01-2011
 0 | text 0  | 01-01-2011
 0 | text 0  | 01-01-2011
 0 | text 0  | 01-01-2011
 0 | text 0  | 01-01-2011
 0 | text 0  | 01-01-2011
 0 | text 5  | 01-11-2011
 0 | text 5  | 01-11-2011
 0 | text 5  | 01-11-2011
 0 | text 5  | 01-11-2011
 0 | text 5  | 01-11-2011
 0 | text 5  | 01-11-2011
 0 | text 5  | 01-11-2011
 0 | text 5  | 01-11-2011
 0 | text 5  | 01-11-2011
 0 | text 5  | 01-11-2011
 0 | text 10 | 01-01-2011
 0 | text 10 | 01-01-2011
 0 | text 10 | 01-01-2011
 0 | text 10 | 01-01-2011
 0 | text 10 | 01-01-2011
 0 | text 10 | 01-01-2011
 0 | text 10 | 01-01-2011
 0 | text 10 | 01-01-2011
 0 | text 10 | 01-01-2011
 0 | text 10 | 01-01-2011
 0 | text 0  | 01-11-2011
 0 | text 0  | 01-11-2011
 0 | text 0  | 01-11-2011
 0 | text 0  | 01-11-2011
 0 | text 0  | 01-11-2011
 0 | text 0  | 01-11-2011
 0 | text 0  | 01-11-2011
 0 | text 0  | 01-11-2011
 0 | text 0  | 01-11-2011
 0 | text 0  | 01-11-2011
 0 | text 5  | 01-01-2011
 0 | text 5  | 01-01-2011
 0 | text 5  | 01-01-2011
 0 | text 5  | 01-01-2011
 0 | text 5  | 01-01-2011
 0 | text 5  | 01-01-2011
 0 | text 5  | 01-01-2011
 0 | text 5  | 01-01-2011
 0 | text 5  | 01-01-2011
 0 | text 5  | 01-01-2011
 0 | text 10 | 01-11-2011
 0 | text 10 | 01-11-2011
 0 | text 10 | 01-11-2011
 0 | text 10 | 01-11-2011
 0 | text 10 | 01-11-2011
 0 | text 10 | 01-11-2011
 0 | text 10 | 01-11-2011
 0 | text 10 | 01-11-2011
 0 | text 10 | 01-11-2011
 0 | text 10 | 01-11-2011
 1 | text 11 | 01-12-2011
 1 | text 11 | 01-12-2011
 1 | text 11 | 01-12-2011
 1 | text 11 | 01-12-2011
 1 | text 11 | 01-12-2011
 1 | text 11 | 01-12-2011
 1 | text 11 | 01-12-2011
 1 | text 11 | 01-12-2011
 1 | text 11 | 01-12-2011
 1 | text 11 | 01-12-2011
 1 | text 11 | 01-02-2011
 1 | text 11 | 01-02-2011
 1 | text 11 | 01-02-2011
 1 | text 11 | 01-02-2011
 1 | text 11 | 01-02-2011
 1 | text 11 | 01-02-2011
 1 | text 11 | 01-02-2011
 1 | text 11 | 01-02-2011
 1 | text 11 | 01-02-2011
 1 | text 11 | 01-02-2011
 1 | text 6  | 01-02-2011
 1 | text 6  | 01-02-2011
 1 | text 6  | 01-02-2011
 1 | text 6  | 01-02-2011
 1 | text 6  | 01-02-2011
 1 | text 6  | 01-02-2011
 1 | text 6  | 01-02-2011
 1 | text 6  | 01-02-2011
 1 | text 6  | 01-02-2011
 1 | text 6  | 01-02-2011
 1 | text 1  | 01-12-2011
 1 | text 1  | 01-12-2011
 1 | text 1  | 01-12-2011
 1 | text 1  | 01-12-2011
 1 | text 1  | 01-12-2011
 1 | text 1  | 01-12-2011
 1 | text 1  | 01-12-2011
 1 | text 1  | 01-12-2011
 1 | text 1  | 01-12-2011
 1 | text 1  | 01-12-2011
 1 | text 1  | 01-02-2011
 1 | text 1  | 01-02-2011
 1 | text 1  | 01-02-2011
 1 | text 1  | 01-02-2011
 1 | text 1  | 01-02-2011
 1 | text 1  | 01-02-2011
 1 | text 1  | 01-02-2011
 1 | text 1  | 01-02-2011
 1 | text 1  | 01-02-2011
 1 | text 1  | 01-02-2011
 1 | text 6  | 01-02-2011
 1 | text 6  | 01-02-2011
 1 | text 6  | 01-02-2011
 1 | text 6  | 01-02-2011
 1 | text 6  | 01-02-2011
 1 | text 6  | 01-02-2011
 1 | text 6  | 01-02-2011
 1 | text 6  | 01-02-2011
 1 | text 6  | 01-02-2011
 1 | text 6  | 01-02-2011
 1 | text 1  | 01-12-2011
 1 | text 1  | 01-12-2011
 1 | text 1  | 01-12-2011
 1 | text 1  | 01-12-2011
 1 | text 1  | 01-12-2011
 1 | text 1  | 01-12-2011
 1 | text 1  | 01-12-2011
 1 | text 1  | 01-12-2011
 1 | text 1  | 01-12-2011
 1 | text 1  | 01-12-2011
 1 | text 11 | 01-12-2011
 1 | text 11 | 01-12-2011
 1 | text 11 | 01-12-2011
 1 | text 11 | 01-12-2011
 1 | text 11 | 01-12-2011
 1 | text 11 | 01-12-2011
 1 | text 11 | 01-12-2011
 1 | text 11 | 01-12-2011
 1 | text 11 | 01-12-2011
 1 | text 11 | 01-12-2011
 1 | text 6  | 01-12-2011
 1 | text 6  | 01-12-2011
 1 | text 6  | 01-12-2011
 1 | text 6  | 01-12-2011
 1 | text 6  | 01-12-2011
 1 | text 6  | 01-12-2011
 1 | text 6  | 01-12-2011
 1 | text 6  | 01-12-2011
 1 | text 6  | 01-12-2011
 1 | text 6  | 01-12-2011
 1 | text 1  | 01-02-2011
 1 | text 1  | 01-02-2011
 1 | text 1  | 01-02-2011
 1 | text 1  | 01-02-2011
 1 | text 1  | 01-02-2011
 1 | text 1  | 01-02-2011
 1 | text 1  | 01-02-2011
 1 | text 1  | 01-02-2011
 1 | text 1  | 01-02-2011
 1 | text 1  | 01-02-2011
(200 rows)

explain analyze select t1.* from smallt as t1, smallt as t2 where t1.i = t2.i and t1.i < 2;
                                                        QUERY PLAN                                                         
---------------------------------------------------------------------------------------------------------------------------
 Gather Motion 3:1  (slice1; segments: 3)  (cost=9.36..10.06 rows=41 width=15)
   Rows out:  200 rows at destination with 1.399 ms to first row, 1.522 ms to end, start offset by 0.406 ms.
   ->  Merge Join  (cost=9.36..10.06 rows=14 width=15)
         Merge Cond: t1.i = t2.i
         Rows out:  200 rows (seg0) with 0.178 ms to first row, 0.438 ms to end, start offset by 0.857 ms.
         ->  Sort  (cost=4.68..4.73 rows=7 width=15)
               Sort Key: t1.i
               Rows out:  20 rows (seg0) with 0.103 ms to first row, 0.113 ms to end, start offset by 0.857 ms.
               Executor memory:  33K bytes avg, 33K bytes max (seg0).
               Work_mem used:  33K bytes avg, 33K bytes max (seg0). Workfile: (0 spilling, 0 reused)
               ->  Seq Scan on smallt t1  (cost=0.00..4.25 rows=7 width=15)
                     Filter: i < 2
                     Rows out:  20 rows (seg0) with 0.019 ms to first row, 0.039 ms to end, start offset by 0.887 ms.
         ->  Sort  (cost=4.68..4.73 rows=7 width=4)
               Sort Key: t2.i
               Rows out:  191 rows (seg0) with 0.070 ms to first row, 0.117 ms to end, start offset by 0.961 ms.
               Executor memory:  33K bytes.
               Work_mem used:  33K bytes. Workfile: (0 spilling, 0 reused)
               ->  Seq Scan on smallt t2  (cost=0.00..4.25 rows=7 width=4)
                     Filter: i < 2
                     Rows out:  20 rows (seg0) with 0.012 ms to first row, 0.033 ms to end, start offset by 0.979 ms.
 Slice statistics:
   (slice0)    Executor memory: 203K bytes.
   (slice1)    Executor memory: 210K bytes avg x 3 workers, 231K bytes max (seg0).  Work_mem: 33K bytes max.
 Statement statistics:
   Memory used: 128000K bytes
 Settings:  enable_hashjoin=off; enable_mergejoin=on; enable_nestloop=off; gp_enable_agg_distinct=on; optimizer_segments=3
 Total runtime: 2.092 ms
(28 rows)

select t1.* from smallt as t1, smallt as t2 where t1.d = t2.d and t1.i < 2;
 i |    t    |     d      
---+---------+------------
 0 | text 5  | 01-01-2011
 0 | text 5  | 01-01-2011
 0 | text 5  | 01-01-2011
 0 | text 5  | 01-01-2011
 0 | text 5  | 01-01-2011
 0 | text 10 | 01-01-2011
 0 | text 10 | 01-01-2011
 0 | text 10 | 01-01-2011
 0 | text 10 | 01-01-2011
 0 | text 10 | 01-01-2011
 0 | text 5  | 01-01-2011
 0 | text 5  | 01-01-2011
 0 | text 5  | 01-01-2011
 0 | text 5  | 01-01-2011
 0 | text 5  | 01-01-2011
 0 | text 0  | 01-01-2011
 0 | text 0  | 01-01-2011
 0 | text 0  | 01-01-2011
 0 | text 0  | 01-01-2011
 0 | text 0  | 01-01-2011
 0 | text 0  | 01-01-2011
 0 | text 0  | 01-01-2011
 0 | text 0  | 01-01-2011
 0 | text 0  | 01-01-2011
 0 | text 0  | 01-01-2011
 1 | text 11 | 01-02-2011
 1 | text 11 | 01-02-2011
 1 | text 11 | 01-02-2011
 1 | text 11 | 01-02-2011
 1 | text 11 | 01-02-2011
 1 | text 1  | 01-02-2011
 1 | text 1  | 01-02-2011
 1 | text 1  | 01-02-2011
 1 | text 1  | 01-02-2011
 1 | text 1  | 01-02-2011
 1 | text 6  | 01-02-2011
 1 | text 6  | 01-02-2011
 1 | text 6  | 01-02-2011
 1 | text 6  | 01-02-2011
 1 | text 6  | 01-02-2011
 1 | text 6  | 01-02-2011
 1 | text 6  | 01-02-2011
 1 | text 6  | 01-02-2011
 1 | text 6  | 01-02-2011
 1 | text 6  | 01-02-2011
 1 | text 1  | 01-02-2011
 1 | text 1  | 01-02-2011
 1 | text 1  | 01-02-2011
 1 | text 1  | 01-02-2011
 1 | text 1  | 01-02-2011
 0 | text 5  | 01-11-2011
 0 | text 5  | 01-11-2011
 0 | text 5  | 01-11-2011
 0 | text 5  | 01-11-2011
 0 | text 5  | 01-11-2011
 0 | text 0  | 01-11-2011
 0 | text 0  | 01-11-2011
 0 | text 0  | 01-11-2011
 0 | text 0  | 01-11-2011
 0 | text 0  | 01-11-2011
 0 | text 10 | 01-11-2011
 0 | text 10 | 01-11-2011
 0 | text 10 | 01-11-2011
 0 | text 10 | 01-11-2011
 0 | text 10 | 01-11-2011
 0 | text 0  | 01-11-2011
 0 | text 0  | 01-11-2011
 0 | text 0  | 01-11-2011
 0 | text 0  | 01-11-2011
 0 | text 0  | 01-11-2011
 0 | text 10 | 01-11-2011
 0 | text 10 | 01-11-2011
 0 | text 10 | 01-11-2011
 0 | text 10 | 01-11-2011
 0 | text 10 | 01-11-2011
 1 | text 11 | 01-12-2011
 1 | text 11 | 01-12-2011
 1 | text 11 | 01-12-2011
 1 | text 11 | 01-12-2011
 1 | text 11 | 01-12-2011
 1 | text 1  | 01-12-2011
 1 | text 1  | 01-12-2011
 1 | text 1  | 01-12-2011
 1 | text 1  | 01-12-2011
 1 | text 1  | 01-12-2011
 1 | text 11 | 01-12-2011
 1 | text 11 | 01-12-2011
 1 | text 11 | 01-12-2011
 1 | text 11 | 01-12-2011
 1 | text 11 | 01-12-2011
 1 | text 1  | 01-12-2011
 1 | text 1  | 01-12-2011
 1 | text 1  | 01-12-2011
 1 | text 1  | 01-12-2011
 1 | text 1  | 01-12-2011
 1 | text 6  | 01-12-2011
 1 | text 6  | 01-12-2011
 1 | text 6  | 01-12-2011
 1 | text 6  | 01-12-2011
 1 | text 6  | 01-12-2011
(100 rows)

--start_ignore
explain analyze select t1.* from smallt as t1, smallt as t2 where t1.d = t2.d and t1.i < 2;
                                                                             QUERY PLAN                                                                              
---------------------------------------------------------------------------------------------------------------------------------------------------------------------
 Gather Motion 3:1  (slice2; segments: 3)  (cost=14.14..18.94 rows=101 width=15)
   Rows out:  100 rows at destination with 1.847 ms to first row, 1.882 ms to end, start offset by 0.514 ms.
   ->  Merge Join  (cost=14.14..18.94 rows=34 width=15)
         Merge Cond: t1.d = t2.d
         Rows out:  100 rows (seg0) with 1.006 ms to first row, 1.158 ms to end, start offset by 0.981 ms.
         ->  Sort  (cost=6.82..6.97 rows=20 width=15)
               Sort Key: t1.d
               Rows out:  Avg 20.0 rows x 3 workers.  Max 20 rows (seg0) with 0.896 ms to first row, 0.897 ms to end, start offset by 0.982 ms.
               Executor memory:  33K bytes avg, 33K bytes max (seg0).
               Work_mem used:  33K bytes avg, 33K bytes max (seg0). Workfile: (0 spilling, 0 reused)
               ->  Broadcast Motion 3:3  (slice1; segments: 3)  (cost=0.00..5.05 rows=20 width=15)
                     Rows out:  Avg 20.0 rows x 3 workers at destination.  Max 20 rows (seg0) with 0.499 ms to first row, 0.837 ms to end, start offset by 1.004 ms.
                     ->  Seq Scan on smallt t1  (cost=0.00..4.25 rows=7 width=15)
                           Filter: i < 2
                           Rows out:  20 rows (seg0) with 0.028 ms to first row, 0.039 ms to end, start offset by 1.294 ms.
         ->  Sort  (cost=7.32..7.57 rows=34 width=4)
               Sort Key: t2.d
               Rows out:  Avg 47.7 rows x 3 workers.  Max 106 rows (seg0) with 0.102 ms to first row, 0.119 ms to end, start offset by 1.880 ms.
               Executor memory:  33K bytes avg, 33K bytes max (seg0).
               Work_mem used:  33K bytes avg, 33K bytes max (seg0). Workfile: (0 spilling, 0 reused)
               ->  Seq Scan on smallt t2  (cost=0.00..4.00 rows=34 width=4)
                     Rows out:  Avg 33.3 rows x 3 workers.  Max 50 rows (seg1) with 0.017 ms to first row, 0.054 ms to end, start offset by 1.929 ms.
 Slice statistics:
   (slice0)    Executor memory: 235K bytes.
   (slice1)    Executor memory: 253K bytes avg x 3 workers, 263K bytes max (seg0).
   (slice2)    Executor memory: 247K bytes avg x 3 workers, 247K bytes max (seg0).  Work_mem: 33K bytes max.
 Statement statistics:
   Memory used: 128000K bytes
 Settings:  enable_hashjoin=off; enable_mergejoin=on; enable_nestloop=off; gp_enable_agg_distinct=on; optimizer_segments=3
 Total runtime: 2.707 ms
(30 rows)

--end_ignore
set enable_hashjoin=on;
set enable_mergejoin=off;
-- ShareInputScan
--with my_group_max(i, maximum) as (select i, max(d) from smallt group by i)
--select smallt2.* from my_group_max, smallt2 where my_group_max.i = smallt2.i
--and smallt2.i < any (select maximum from my_group_max);
--explain analyze with my_group_max(i, maximum) as (select i, max(d) from smallt group by i)
--select smallt2.* from my_group_max, smallt2 where my_group_max.i = smallt2.i
--and smallt2.i < any (select maximum from my_group_max);
-- IndexScan
create index smallt_d_idx on smallt (d);
create index smallt2_d_idx on smallt2 (d);
-- start_ignore
-- Known_opt_diff: This test is only here for the planner. It doesn't exercise eagerfree in ORCA plans
-- end_ignore
set enable_hashjoin=off;
set enable_nestloop=on;
set enable_seqscan=off;
set enable_bitmapscan=off;
select smallt.* from smallt, smallt2 where smallt.i = smallt2.i and smallt2.d = '2011-01-04'::date
and smallt.d = '2011-01-04'::date;
 i |    t    |     d      
---+---------+------------
 3 | text 3  | 01-04-2011
 3 | text 8  | 01-04-2011
 3 | text 3  | 01-04-2011
 3 | text 13 | 01-04-2011
 3 | text 8  | 01-04-2011
 3 | text 3  | 01-04-2011
 3 | text 8  | 01-04-2011
 3 | text 3  | 01-04-2011
 3 | text 13 | 01-04-2011
 3 | text 8  | 01-04-2011
 3 | text 3  | 01-04-2011
 3 | text 8  | 01-04-2011
 3 | text 3  | 01-04-2011
 3 | text 13 | 01-04-2011
 3 | text 8  | 01-04-2011
 3 | text 3  | 01-04-2011
 3 | text 8  | 01-04-2011
 3 | text 3  | 01-04-2011
 3 | text 13 | 01-04-2011
 3 | text 8  | 01-04-2011
(20 rows)

explain analyze select smallt.* from smallt, smallt2 where smallt.i = smallt2.i and smallt2.d = '2011-01-04'::date
and smallt.d = '2011-01-04'::date;
                                                                              QUERY PLAN                                                                              
----------------------------------------------------------------------------------------------------------------------------------------------------------------------
 Gather Motion 3:1  (slice1; segments: 3)  (cost=796.37..1787.32 rows=4 width=15)
   Rows out:  20 rows at destination with 0.767 ms to first row, 0.777 ms to end, start offset by 0.527 ms.
   ->  Nested Loop  (cost=796.37..1787.32 rows=2 width=15)
         Join Filter: smallt.i = smallt2.i
         Rows out:  20 rows (seg1) with 0.131 ms to first row, 0.268 ms to end, start offset by 0.898 ms.
         ->  Index Scan using smallt2_d_idx on smallt2  (cost=0.00..990.51 rows=2 width=4)
               Index Cond: d = '01-04-2011'::date
               Rows out:  4 rows (seg1) with 0.018 ms to first row, 0.030 ms to end, start offset by 0.898 ms.
         ->  Materialize  (cost=796.37..796.42 rows=2 width=15)
               Rows out:  20 rows (seg1) with 0.108 ms to first row, 0.127 ms to end of 4 scans, start offset by 1.086 ms.
               ->  Index Scan using smallt_d_idx on smallt  (cost=0.00..796.36 rows=2 width=15)
                     Index Cond: d = '01-04-2011'::date
                     Rows out:  5 rows (seg1) with 0.019 ms to first row, 0.029 ms to end, start offset by 0.998 ms.
 Slice statistics:
   (slice0)    Executor memory: 163K bytes.
   (slice1)    Executor memory: 189K bytes avg x 3 workers, 206K bytes max (seg1).
 Statement statistics:
   Memory used: 128000K bytes
 Settings:  enable_bitmapscan=off; enable_hashjoin=off; enable_mergejoin=off; enable_nestloop=on; enable_seqscan=off; gp_enable_agg_distinct=on; optimizer_segments=3
 Total runtime: 1.742 ms
(20 rows)

-- BitmapScan
-- start_ignore
-- Known_opt_diff: This test is only here for the planner. It doesn't exercise eagerfree in ORCA plans
-- end_ignore
set enable_indexscan=off;
set enable_bitmapscan=on;
select smallt.* from smallt, smallt2 where smallt.i = smallt2.i and smallt2.d = '2011-01-04'::date
and smallt.d = '2011-01-04'::date;
 i |    t    |     d      
---+---------+------------
 3 | text 3  | 01-04-2011
 3 | text 3  | 01-04-2011
 3 | text 3  | 01-04-2011
 3 | text 3  | 01-04-2011
 3 | text 8  | 01-04-2011
 3 | text 8  | 01-04-2011
 3 | text 8  | 01-04-2011
 3 | text 8  | 01-04-2011
 3 | text 13 | 01-04-2011
 3 | text 13 | 01-04-2011
 3 | text 13 | 01-04-2011
 3 | text 13 | 01-04-2011
 3 | text 3  | 01-04-2011
 3 | text 3  | 01-04-2011
 3 | text 3  | 01-04-2011
 3 | text 3  | 01-04-2011
 3 | text 8  | 01-04-2011
 3 | text 8  | 01-04-2011
 3 | text 8  | 01-04-2011
 3 | text 8  | 01-04-2011
(20 rows)

explain analyze select smallt.* from smallt, smallt2 where smallt.i = smallt2.i and smallt2.d = '2011-01-04'::date
and smallt.d = '2011-01-04'::date;
                                                                                        QUERY PLAN                                                                                         
-------------------------------------------------------------------------------------------------------------------------------------------------------------------------------------------
 Gather Motion 3:1  (slice1; segments: 3)  (cost=1302.82..1306.34 rows=4 width=15)
   Rows out:  20 rows at destination with 0.879 ms to first row, 0.890 ms to end, start offset by 0.394 ms.
   ->  Nested Loop  (cost=1302.82..1306.34 rows=2 width=15)
         Join Filter: smallt.i = smallt2.i
         Rows out:  20 rows (seg1) with 0.160 ms to first row, 0.287 ms to end, start offset by 0.857 ms.
         ->  Bitmap Heap Scan on smallt  (cost=500.39..503.45 rows=2 width=15)
               Recheck Cond: d = '01-04-2011'::date
               Rows out:  5 rows (seg1) with 0.042 ms to first row, 0.050 ms to end, start offset by 0.858 ms.
               ->  Bitmap Index Scan on smallt_d_idx  (cost=0.00..500.39 rows=2 width=0)
                     Index Cond: d = '01-04-2011'::date
                     Bitmaps out:  Avg 1.0 x 3 workers.  Max 1 (seg0) with 0.017 ms to end, start offset by 0.842 ms.
                     Work_mem used:  9K bytes.
         ->  Materialize  (cost=802.43..802.47 rows=2 width=4)
               Rows out:  20 rows (seg1) with 0.114 ms to first row, 0.133 ms to end of 5 scans, start offset by 1.068 ms.
               ->  Bitmap Heap Scan on smallt2  (cost=800.38..802.43 rows=2 width=4)
                     Recheck Cond: d = '01-04-2011'::date
                     Rows out:  4 rows (seg1) with 0.034 ms to first row, 0.045 ms to end, start offset by 0.977 ms.
                     ->  Bitmap Index Scan on smallt2_d_idx  (cost=0.00..800.38 rows=2 width=0)
                           Index Cond: d = '01-04-2011'::date
                           Bitmaps out:  1 (seg1) with 0.013 ms to end, start offset by 0.989 ms.
                           Work_mem used:  9K bytes.
 Slice statistics:
   (slice0)    Executor memory: 179K bytes.
   (slice1)    Executor memory: 387K bytes avg x 3 workers, 495K bytes max (seg1).  Work_mem: 9K bytes max.
 Statement statistics:
   Memory used: 128000K bytes
 Settings:  enable_bitmapscan=on; enable_hashjoin=off; enable_indexscan=off; enable_mergejoin=off; enable_nestloop=on; enable_seqscan=off; gp_enable_agg_distinct=on; optimizer_segments=3
 Total runtime: 1.736 ms
(28 rows)

set enable_hashjoin=on;
set enable_nestloop=off;
set enable_seqscan=on;
set enable_indexscan=on;
-- SubPlan
with my_group_sum(d, total) as (select d, sum(i) from smallt group by d)
select smallt2.* from smallt2
where i < all (select total from my_group_sum, smallt, smallt2 as tmp where my_group_sum.d = smallt.d and smallt.d = tmp.d and my_group_sum.d = smallt2.d)
and i = 0 order by 1,2,3; --order 1,2,3
 i |   t    |     d      
---+--------+------------
 0 | text 0 | 01-06-2011
 0 | text 5 | 01-06-2011
 0 | text 5 | 01-06-2011
(3 rows)

select smallt2.* from smallt2
where i < all (select total from (select d, sum(i) as total from smallt group by d) as my_group_sum, smallt, smallt2 as tmp
    where my_group_sum.d = smallt.d and smallt.d = tmp.d and my_group_sum.d = smallt2.d)
and i = 0 order by 1,2,3; --order 1,2,3
 i |   t    |     d      
---+--------+------------
 0 | text 0 | 01-06-2011
 0 | text 5 | 01-06-2011
 0 | text 5 | 01-06-2011
(3 rows)

-- Nested Subplan
drop table if exists eager_free_r;
NOTICE:  table "eager_free_r" does not exist, skipping
drop table if exists eager_free_s;
NOTICE:  table "eager_free_s" does not exist, skipping
drop table if exists eager_free_t;
NOTICE:  table "eager_free_t" does not exist, skipping
create table eager_free_r (r1 int, r2 int, r3 int);
NOTICE:  Table doesn't have 'DISTRIBUTED BY' clause -- Using column named 'r1' as the Greenplum Database data distribution key for this table.
HINT:  The 'DISTRIBUTED BY' clause determines the distribution of data. Make sure column(s) chosen are the optimal data distribution key to minimize skew.
create table eager_free_s (s1 int, s2 int, s3 int);
NOTICE:  Table doesn't have 'DISTRIBUTED BY' clause -- Using column named 's1' as the Greenplum Database data distribution key for this table.
HINT:  The 'DISTRIBUTED BY' clause determines the distribution of data. Make sure column(s) chosen are the optimal data distribution key to minimize skew.
create table eager_free_t (t1 int, t2 int, t3 int);
NOTICE:  Table doesn't have 'DISTRIBUTED BY' clause -- Using column named 't1' as the Greenplum Database data distribution key for this table.
HINT:  The 'DISTRIBUTED BY' clause determines the distribution of data. Make sure column(s) chosen are the optimal data distribution key to minimize skew.
insert into eager_free_r select generate_series(1, 20), generate_series(1, 5), generate_series(1, 8);
insert into eager_free_s select generate_series(1, 20), generate_series(6, 10), generate_series(1, 4);
insert into eager_free_t select generate_series(1, 30), generate_series(1, 6), generate_series(1, 5);
select * from eager_free_t where t1 > (select min(r1) from eager_free_r where r2<t2 and r3 > (Select min(s3) from eager_free_s where s1<r1));
 t1 | t2 | t3 
----+----+----
 14 |  2 |  4
 15 |  3 |  5
 16 |  4 |  1
 17 |  5 |  2
 28 |  4 |  3
 29 |  5 |  4
 30 |  6 |  5
  3 |  3 |  3
  4 |  4 |  4
  5 |  5 |  5
  6 |  6 |  1
 18 |  6 |  3
 20 |  2 |  5
 21 |  3 |  1
 22 |  4 |  2
  8 |  2 |  3
  9 |  3 |  4
 10 |  4 |  5
 11 |  5 |  1
 12 |  6 |  2
 23 |  5 |  3
 24 |  6 |  4
 26 |  2 |  1
 27 |  3 |  2
(24 rows)

reset optimizer_segments;
