--
-- ORCA tests which require gp_fault_injector
--
CREATE EXTENSION IF NOT EXISTS gp_inject_fault;
CREATE SCHEMA gporca_faults;
SET search_path = gporca_faults, public;
CREATE TABLE foo (a int, b int);
NOTICE:  Table doesn't have 'DISTRIBUTED BY' clause -- Using column named 'a' as the Greenplum Database data distribution key for this table.
HINT:  The 'DISTRIBUTED BY' clause determines the distribution of data. Make sure column(s) chosen are the optimal data distribution key to minimize skew.
INSERT INTO foo VALUES (1,1);
-- test interruption requests to optimization
select gp_inject_fault('opt_relcache_translator_catalog_access', 'reset', 1);
NOTICE:  Success:
 gp_inject_fault
-----------------
 t
(1 row)

select gp_inject_fault('opt_relcache_translator_catalog_access', 'interrupt', 1);
NOTICE:  Success:
 gp_inject_fault
-----------------
 t
(1 row)

select count(*) from foo;
 count
-------
     1
(1 row)

-- Ensure that ORCA is not called on any process other than the master QD
CREATE FUNCTION func1_nosql_vol(x int) RETURNS int AS $$
BEGIN
  RETURN $1 +1;
END
$$ LANGUAGE plpgsql VOLATILE;
-- Query that runs the function on an additional non-QD master slice
-- Include the EXPLAIN to ensure that this happens in the plan.
EXPLAIN SELECT * FROM func1_nosql_vol(5), foo;
                                         QUERY PLAN
--------------------------------------------------------------------------------------------
 Gather Motion 3:1  (slice2; segments: 3)  (cost=0.30..1.37 rows=4 width=12)
   ->  Nested Loop  (cost=0.30..1.37 rows=2 width=12)
         ->  Seq Scan on foo  (cost=0.00..1.01 rows=1 width=8)
         ->  Materialize  (cost=0.30..0.33 rows=1 width=4)
               ->  Broadcast Motion 1:3  (slice1)  (cost=0.00..0.30 rows=3 width=4)
                     ->  Function Scan on func1_nosql_vol  (cost=0.00..0.26 rows=1 width=4)
 Settings:  optimizer=off
 Optimizer status: legacy query optimizer
(8 rows)

select gp_inject_fault('opt_relcache_translator_catalog_access', 'reset', 1);
NOTICE:  Success:
 gp_inject_fault
-----------------
 t
(1 row)

select gp_inject_fault('opt_relcache_translator_catalog_access', 'interrupt', 1);
NOTICE:  Success:
 gp_inject_fault
-----------------
 t
(1 row)

SELECT * FROM func1_nosql_vol(5), foo;
 func1_nosql_vol | a | b
-----------------+---+---
               6 | 1 | 1
(1 row)

-- The fault should *not* be hit above when optimizer = off, to reset it now.
SELECT gp_inject_fault('opt_relcache_translator_catalog_access', 'reset', 1);
NOTICE:  Success:
 gp_inject_fault
-----------------
 t
(1 row)

