set optimizer_enable_master_only_queries = on;
set optimizer_segments = 3;
set optimizer_nestloop_factor = 1.0;
--
-- Base tables for CSQ tests
--
drop table if exists csq_t1_base;
NOTICE:  table "csq_t1_base" does not exist, skipping
create table csq_t1_base(x int, y int) distributed by (x);
insert into csq_t1_base values(1,2);
insert into csq_t1_base values(2,1);
insert into csq_t1_base values(4,2);
drop table if exists csq_t2_base;
NOTICE:  table "csq_t2_base" does not exist, skipping
create table csq_t2_base(x int, y int) distributed by (x);
insert into csq_t2_base values(3,2);
insert into csq_t2_base values(3,2);
insert into csq_t2_base values(3,2);
insert into csq_t2_base values(3,2);
insert into csq_t2_base values(3,1);
--
-- Correlated subqueries
--
drop table if exists csq_t1;
NOTICE:  table "csq_t1" does not exist, skipping
drop table if exists csq_t2;
NOTICE:  table "csq_t2" does not exist, skipping
create table csq_t1(x int, y int) distributed by (x);
create table csq_t2(x int, y int) distributed by (x);
insert into csq_t1 select * from csq_t1_base;
insert into csq_t2 select * from csq_t2_base;
select * from csq_t1 where csq_t1.x >ALL (select csq_t2.x from csq_t2 where csq_t2.y=csq_t1.y) order by 1; -- expected (4,2)
 x | y 
---+---
 4 | 2
(1 row)

--
-- correlations in the targetlist
--
select csq_t1.x, (select sum(bar.x) from csq_t1 bar where bar.x >= csq_t1.x) as sum from csq_t1 order by csq_t1.x;
 x | sum 
---+-----
 1 |   7
 2 |   6
 4 |   4
(3 rows)

select csq_t1.x, (select sum(bar.x) from csq_t1 bar where bar.x = csq_t1.x) as sum from csq_t1 order by csq_t1.x;
 x | sum 
---+-----
 1 |   1
 2 |   2
 4 |   4
(3 rows)

select csq_t1.x, (select bar.x from csq_t1 bar where bar.x = csq_t1.x) as sum from csq_t1 order by csq_t1.x;
 x | sum 
---+-----
 1 |   1
 2 |   2
 4 |   4
(3 rows)

--
-- CSQs with partitioned tables
--
drop table if exists csq_t1;
drop table if exists csq_t2;
create table csq_t1(x int, y int) 
distributed by (x)
partition by range (y) ( start (0) end (4) every (1))
;
NOTICE:  CREATE TABLE will create partition "csq_t1_1_prt_1" for table "csq_t1"
NOTICE:  CREATE TABLE will create partition "csq_t1_1_prt_2" for table "csq_t1"
NOTICE:  CREATE TABLE will create partition "csq_t1_1_prt_3" for table "csq_t1"
NOTICE:  CREATE TABLE will create partition "csq_t1_1_prt_4" for table "csq_t1"
create table csq_t2(x int, y int) 
distributed by (x)
partition by range (y) ( start (0) end (4) every (1))
;
NOTICE:  CREATE TABLE will create partition "csq_t2_1_prt_1" for table "csq_t2"
NOTICE:  CREATE TABLE will create partition "csq_t2_1_prt_2" for table "csq_t2"
NOTICE:  CREATE TABLE will create partition "csq_t2_1_prt_3" for table "csq_t2"
NOTICE:  CREATE TABLE will create partition "csq_t2_1_prt_4" for table "csq_t2"
insert into csq_t1 select * from csq_t1_base;
insert into csq_t2 select * from csq_t2_base;
explain select * from csq_t1 where csq_t1.x >ALL (select csq_t2.x from csq_t2 where csq_t2.y=csq_t1.y) order by 1;
                                                              QUERY PLAN                                                              
--------------------------------------------------------------------------------------------------------------------------------------
 Gather Motion 3:1  (slice17; segments: 3)  (cost=810368945.20..810369375.70 rows=172200 width=8)
   Merge Key: x
   ->  Sort  (cost=810368945.20..810369375.70 rows=57400 width=8)
         Sort Key: public.csq_t1.x
         ->  Append  (cost=0.00..810353969.20 rows=57400 width=8)
               ->  Seq Scan on csq_t1_1_prt_1 csq_t1  (cost=0.00..202588492.30 rows=14350 width=8)
                     Filter: (subplan)
                     SubPlan 1
                       ->  Result  (cost=0.00..4705.00 rows=115 width=4)
                             ->  Append  (cost=0.00..4705.00 rows=115 width=4)
                                   ->  Result  (cost=1176.34..1177.20 rows=29 width=4)
                                         Filter: public.csq_t2.y = $0
                                         ->  Materialize  (cost=1176.34..1177.20 rows=29 width=4)
                                               ->  Broadcast Motion 3:3  (slice1; segments: 3)  (cost=0.00..1176.25 rows=29 width=4)
                                                     ->  Seq Scan on csq_t2_1_prt_1 csq_t2  (cost=0.00..1176.25 rows=29 width=4)
                                   ->  Result  (cost=1176.34..1177.20 rows=29 width=4)
                                         Filter: public.csq_t2.y = $0
                                         ->  Materialize  (cost=1176.34..1177.20 rows=29 width=4)
                                               ->  Broadcast Motion 3:3  (slice2; segments: 3)  (cost=0.00..1176.25 rows=29 width=4)
                                                     ->  Seq Scan on csq_t2_1_prt_2 csq_t2  (cost=0.00..1176.25 rows=29 width=4)
                                   ->  Result  (cost=1176.34..1177.20 rows=29 width=4)
                                         Filter: public.csq_t2.y = $0
                                         ->  Materialize  (cost=1176.34..1177.20 rows=29 width=4)
                                               ->  Broadcast Motion 3:3  (slice3; segments: 3)  (cost=0.00..1176.25 rows=29 width=4)
                                                     ->  Seq Scan on csq_t2_1_prt_3 csq_t2  (cost=0.00..1176.25 rows=29 width=4)
                                   ->  Result  (cost=1176.34..1177.20 rows=29 width=4)
                                         Filter: public.csq_t2.y = $0
                                         ->  Materialize  (cost=1176.34..1177.20 rows=29 width=4)
                                               ->  Broadcast Motion 3:3  (slice4; segments: 3)  (cost=0.00..1176.25 rows=29 width=4)
                                                     ->  Seq Scan on csq_t2_1_prt_4 csq_t2  (cost=0.00..1176.25 rows=29 width=4)
               ->  Seq Scan on csq_t1_1_prt_2 csq_t1  (cost=0.00..202588492.30 rows=14350 width=8)
                     Filter: (subplan)
                     SubPlan 1
                       ->  Result  (cost=0.00..4705.00 rows=115 width=4)
                             ->  Append  (cost=0.00..4705.00 rows=115 width=4)
                                   ->  Result  (cost=1176.34..1177.20 rows=29 width=4)
                                         Filter: public.csq_t2.y = $0
                                         ->  Materialize  (cost=1176.34..1177.20 rows=29 width=4)
                                               ->  Broadcast Motion 3:3  (slice5; segments: 3)  (cost=0.00..1176.25 rows=29 width=4)
                                                     ->  Seq Scan on csq_t2_1_prt_1 csq_t2  (cost=0.00..1176.25 rows=29 width=4)
                                   ->  Result  (cost=1176.34..1177.20 rows=29 width=4)
                                         Filter: public.csq_t2.y = $0
                                         ->  Materialize  (cost=1176.34..1177.20 rows=29 width=4)
                                               ->  Broadcast Motion 3:3  (slice6; segments: 3)  (cost=0.00..1176.25 rows=29 width=4)
                                                     ->  Seq Scan on csq_t2_1_prt_2 csq_t2  (cost=0.00..1176.25 rows=29 width=4)
                                   ->  Result  (cost=1176.34..1177.20 rows=29 width=4)
                                         Filter: public.csq_t2.y = $0
                                         ->  Materialize  (cost=1176.34..1177.20 rows=29 width=4)
                                               ->  Broadcast Motion 3:3  (slice7; segments: 3)  (cost=0.00..1176.25 rows=29 width=4)
                                                     ->  Seq Scan on csq_t2_1_prt_3 csq_t2  (cost=0.00..1176.25 rows=29 width=4)
                                   ->  Result  (cost=1176.34..1177.20 rows=29 width=4)
                                         Filter: public.csq_t2.y = $0
                                         ->  Materialize  (cost=1176.34..1177.20 rows=29 width=4)
                                               ->  Broadcast Motion 3:3  (slice8; segments: 3)  (cost=0.00..1176.25 rows=29 width=4)
                                                     ->  Seq Scan on csq_t2_1_prt_4 csq_t2  (cost=0.00..1176.25 rows=29 width=4)
               ->  Seq Scan on csq_t1_1_prt_3 csq_t1  (cost=0.00..202588492.30 rows=14350 width=8)
                     Filter: (subplan)
                     SubPlan 1
                       ->  Result  (cost=0.00..4705.00 rows=115 width=4)
                             ->  Append  (cost=0.00..4705.00 rows=115 width=4)
                                   ->  Result  (cost=1176.34..1177.20 rows=29 width=4)
                                         Filter: public.csq_t2.y = $0
                                         ->  Materialize  (cost=1176.34..1177.20 rows=29 width=4)
                                               ->  Broadcast Motion 3:3  (slice9; segments: 3)  (cost=0.00..1176.25 rows=29 width=4)
                                                     ->  Seq Scan on csq_t2_1_prt_1 csq_t2  (cost=0.00..1176.25 rows=29 width=4)
                                   ->  Result  (cost=1176.34..1177.20 rows=29 width=4)
                                         Filter: public.csq_t2.y = $0
                                         ->  Materialize  (cost=1176.34..1177.20 rows=29 width=4)
                                               ->  Broadcast Motion 3:3  (slice10; segments: 3)  (cost=0.00..1176.25 rows=29 width=4)
                                                     ->  Seq Scan on csq_t2_1_prt_2 csq_t2  (cost=0.00..1176.25 rows=29 width=4)
                                   ->  Result  (cost=1176.34..1177.20 rows=29 width=4)
                                         Filter: public.csq_t2.y = $0
                                         ->  Materialize  (cost=1176.34..1177.20 rows=29 width=4)
                                               ->  Broadcast Motion 3:3  (slice11; segments: 3)  (cost=0.00..1176.25 rows=29 width=4)
                                                     ->  Seq Scan on csq_t2_1_prt_3 csq_t2  (cost=0.00..1176.25 rows=29 width=4)
                                   ->  Result  (cost=1176.34..1177.20 rows=29 width=4)
                                         Filter: public.csq_t2.y = $0
                                         ->  Materialize  (cost=1176.34..1177.20 rows=29 width=4)
                                               ->  Broadcast Motion 3:3  (slice12; segments: 3)  (cost=0.00..1176.25 rows=29 width=4)
                                                     ->  Seq Scan on csq_t2_1_prt_4 csq_t2  (cost=0.00..1176.25 rows=29 width=4)
               ->  Seq Scan on csq_t1_1_prt_4 csq_t1  (cost=0.00..202588492.30 rows=14350 width=8)
                     Filter: (subplan)
                     SubPlan 1
                       ->  Result  (cost=0.00..4705.00 rows=115 width=4)
                             ->  Append  (cost=0.00..4705.00 rows=115 width=4)
                                   ->  Result  (cost=1176.34..1177.20 rows=29 width=4)
                                         Filter: public.csq_t2.y = $0
                                         ->  Materialize  (cost=1176.34..1177.20 rows=29 width=4)
                                               ->  Broadcast Motion 3:3  (slice13; segments: 3)  (cost=0.00..1176.25 rows=29 width=4)
                                                     ->  Seq Scan on csq_t2_1_prt_1 csq_t2  (cost=0.00..1176.25 rows=29 width=4)
                                   ->  Result  (cost=1176.34..1177.20 rows=29 width=4)
                                         Filter: public.csq_t2.y = $0
                                         ->  Materialize  (cost=1176.34..1177.20 rows=29 width=4)
                                               ->  Broadcast Motion 3:3  (slice14; segments: 3)  (cost=0.00..1176.25 rows=29 width=4)
                                                     ->  Seq Scan on csq_t2_1_prt_2 csq_t2  (cost=0.00..1176.25 rows=29 width=4)
                                   ->  Result  (cost=1176.34..1177.20 rows=29 width=4)
                                         Filter: public.csq_t2.y = $0
                                         ->  Materialize  (cost=1176.34..1177.20 rows=29 width=4)
                                               ->  Broadcast Motion 3:3  (slice15; segments: 3)  (cost=0.00..1176.25 rows=29 width=4)
                                                     ->  Seq Scan on csq_t2_1_prt_3 csq_t2  (cost=0.00..1176.25 rows=29 width=4)
                                   ->  Result  (cost=1176.34..1177.20 rows=29 width=4)
                                         Filter: public.csq_t2.y = $0
                                         ->  Materialize  (cost=1176.34..1177.20 rows=29 width=4)
                                               ->  Broadcast Motion 3:3  (slice16; segments: 3)  (cost=0.00..1176.25 rows=29 width=4)
                                                     ->  Seq Scan on csq_t2_1_prt_4 csq_t2  (cost=0.00..1176.25 rows=29 width=4)
 Settings:  optimizer_segments=3
 Optimizer status: legacy query optimizer
(107 rows)

select * from csq_t1 where csq_t1.x >ALL (select csq_t2.x from csq_t2 where csq_t2.y=csq_t1.y) order by 1; -- expected (4,2)
 x | y 
---+---
 4 | 2
(1 row)

drop table if exists csq_t1;
drop table if exists csq_t2;
drop table if exists csq_t1_base;
drop table if exists csq_t2_base;
--
-- Multi-row subqueries
--
drop table if exists mrs_t1;
NOTICE:  table "mrs_t1" does not exist, skipping
create table mrs_t1(x int) distributed by (x);
insert into mrs_t1 select generate_series(1,20);
explain select * from mrs_t1 where exists (select x from mrs_t1 where x < -1);
                                           QUERY PLAN                                           
------------------------------------------------------------------------------------------------
 Gather Motion 3:1  (slice2; segments: 3)  (cost=3.27..6.47 rows=20 width=4)
   ->  Result  (cost=3.27..6.47 rows=7 width=4)
         One-Time Filter: $0
         InitPlan 1 (returns $0)  (slice3)
           ->  Limit  (cost=0.00..3.27 rows=1 width=0)
                 ->  Gather Motion 3:1  (slice1; segments: 3)  (cost=0.00..3.27 rows=1 width=0)
                       ->  Limit  (cost=0.00..3.25 rows=1 width=0)
                             ->  Seq Scan on mrs_t1  (cost=0.00..3.25 rows=1 width=0)
                                   Filter: x < (-1)
         ->  Seq Scan on mrs_t1  (cost=0.00..3.20 rows=7 width=4)
 Settings:  optimizer_segments=3
 Optimizer status: legacy query optimizer
(12 rows)

select * from mrs_t1 where exists (select x from mrs_t1 where x < -1) order by 1;
 x 
---
(0 rows)

explain select * from mrs_t1 where exists (select x from mrs_t1 where x = 1);
                                           QUERY PLAN                                           
------------------------------------------------------------------------------------------------
 Gather Motion 3:1  (slice2; segments: 3)  (cost=3.27..6.47 rows=20 width=4)
   ->  Result  (cost=3.27..6.47 rows=7 width=4)
         One-Time Filter: $0
         InitPlan 1 (returns $0)  (slice3)
           ->  Limit  (cost=0.00..3.27 rows=1 width=0)
                 ->  Gather Motion 1:1  (slice1; segments: 1)  (cost=0.00..3.27 rows=1 width=0)
                       ->  Limit  (cost=0.00..3.25 rows=1 width=0)
                             ->  Seq Scan on mrs_t1  (cost=0.00..3.25 rows=1 width=0)
                                   Filter: x = 1
         ->  Seq Scan on mrs_t1  (cost=0.00..3.20 rows=7 width=4)
 Settings:  optimizer_segments=3
 Optimizer status: legacy query optimizer
(12 rows)

select * from mrs_t1 where exists (select x from mrs_t1 where x = 1) order by 1;
 x  
----
  1
  2
  3
  4
  5
  6
  7
  8
  9
 10
 11
 12
 13
 14
 15
 16
 17
 18
 19
 20
(20 rows)

explain select * from mrs_t1 where x in (select x-95 from mrs_t1) or x < 5;
                                            QUERY PLAN                                             
---------------------------------------------------------------------------------------------------
 Gather Motion 3:1  (slice2; segments: 3)  (cost=0.00..36.30 rows=13 width=4)
   ->  Seq Scan on mrs_t1  (cost=0.00..36.30 rows=5 width=4)
         Filter: ((subplan)) OR x < 5
         SubPlan 1
           ->  Materialize  (cost=3.27..3.47 rows=7 width=4)
                 ->  Broadcast Motion 3:3  (slice1; segments: 3)  (cost=0.00..3.25 rows=7 width=4)
                       ->  Seq Scan on mrs_t1  (cost=0.00..3.25 rows=7 width=4)
 Settings:  optimizer_segments=3
 Optimizer status: legacy query optimizer
(9 rows)

select * from mrs_t1 where x in (select x-95 from mrs_t1) or x < 5 order by 1;
 x 
---
 1
 2
 3
 4
(4 rows)

drop table if exists mrs_t1;
--
-- Multi-row subquery from MSTR
--
drop table if exists mrs_u1;
NOTICE:  table "mrs_u1" does not exist, skipping
drop table if exists mrs_u2;
NOTICE:  table "mrs_u2" does not exist, skipping
create TABLE mrs_u1 (a int, b int);
NOTICE:  Table doesn't have 'DISTRIBUTED BY' clause -- Using column named 'a' as the Greenplum Database data distribution key for this table.
HINT:  The 'DISTRIBUTED BY' clause determines the distribution of data. Make sure column(s) chosen are the optimal data distribution key to minimize skew.
create TABLE mrs_u2 (a int, b int);
NOTICE:  Table doesn't have 'DISTRIBUTED BY' clause -- Using column named 'a' as the Greenplum Database data distribution key for this table.
HINT:  The 'DISTRIBUTED BY' clause determines the distribution of data. Make sure column(s) chosen are the optimal data distribution key to minimize skew.
insert into mrs_u1 values (1,2),(11,22);
insert into mrs_u2 values (1,2),(11,22),(33,44);
select * from mrs_u1 join mrs_u2 on mrs_u1.a=mrs_u2.a where mrs_u1.a in (1,11) or mrs_u2.a in (select a from mrs_u1 where a=1) order by 1;
 a  | b  | a  | b  
----+----+----+----
  1 |  2 |  1 |  2
 11 | 22 | 11 | 22
(2 rows)

drop table if exists mrs_u1;
drop table if exists mrs_u2;
--
-- MPP-13758
--
drop table if exists csq_m1;
NOTICE:  table "csq_m1" does not exist, skipping
create table csq_m1();
NOTICE:  Table doesn't have 'DISTRIBUTED BY' clause, and no column type is suitable for a distribution key. Creating a NULL policy entry.
set allow_system_table_mods='DML';
delete from gp_distribution_policy where localoid='csq_m1'::regclass;
reset allow_system_table_mods;
alter table csq_m1 add column x int;
insert into csq_m1 values(1);
drop table if exists csq_d1;
NOTICE:  table "csq_d1" does not exist, skipping
create table csq_d1(x int) distributed by (x);
insert into csq_d1 select * from csq_m1;
explain select array(select x from csq_m1); -- no initplan
                          QUERY PLAN                          
--------------------------------------------------------------
 Result  (cost=1.01..1.02 rows=1 width=0)
   InitPlan 1 (returns $0)
     ->  Seq Scan on csq_m1  (cost=0.00..1.01 rows=1 width=4)
 Settings:  optimizer_segments=3
 Optimizer status: legacy query optimizer
(5 rows)

select array(select x from csq_m1); -- {1}
 ?column? 
----------
 {1}
(1 row)

explain select array(select x from csq_d1); -- initplan
                                     QUERY PLAN                                     
------------------------------------------------------------------------------------
 Result  (cost=1.01..1.02 rows=1 width=0)
   InitPlan 1 (returns $0)  (slice2)
     ->  Gather Motion 3:1  (slice1; segments: 3)  (cost=0.00..1.01 rows=1 width=4)
           ->  Seq Scan on csq_d1  (cost=0.00..1.01 rows=1 width=4)
 Settings:  optimizer_segments=3
 Optimizer status: legacy query optimizer
(6 rows)

select array(select x from csq_d1); -- {1}
 ?column? 
----------
 {1}
(1 row)

--
-- CSQs involving master-only and distributed tables
--
drop table if exists t3cozlib;
NOTICE:  table "t3cozlib" does not exist, skipping
create table t3cozlib (c1 int , c2 varchar) with (appendonly=true, compresstype=zlib, orientation=column) distributed by (c1);
drop table if exists pg_attribute_storage;
NOTICE:  table "pg_attribute_storage" does not exist, skipping
create table pg_attribute_storage (attrelid int, attnum int, attoptions text[]) distributed by (attrelid);
insert into pg_attribute_storage values ('t3cozlib'::regclass, 1, E'{\'something\'}');
insert into pg_attribute_storage values ('t3cozlib'::regclass, 2, E'{\'something2\'}');
SELECT a.attname
, pg_catalog.format_type(a.atttypid, a.atttypmod)
, ( SELECT substring(pg_catalog.pg_get_expr(d.adbin, d.adrelid) for 128)
 FROM pg_catalog.pg_attrdef d
WHERE d.adrelid = a.attrelid AND d.adnum = a.attnum AND a.atthasdef
)
, a.attnotnull
, a.attnum
, a.attstorage
, pg_catalog.col_description(a.attrelid, a.attnum)
, ( SELECT s.attoptions
FROM pg_attribute_storage s
WHERE s.attrelid = a.attrelid AND s.attnum = a.attnum
) newcolumn
FROM pg_catalog.pg_attribute a
WHERE a.attrelid = 't3cozlib'::regclass AND a.attnum > 0 AND NOT a.attisdropped
ORDER BY a.attnum
; -- expect to see 2 rows
 attname |    format_type    | ?column? | attnotnull | attnum | attstorage | col_description |   newcolumn    
---------+-------------------+----------+------------+--------+------------+-----------------+----------------
 c1      | integer           |          | f          |      1 | p          |                 | {'something'}
 c2      | character varying |          | f          |      2 | x          |                 | {'something2'}
(2 rows)

--
-- More CSQs involving master-only and distributed relations
--
drop table if exists csq_m1;
create table csq_m1();
NOTICE:  Table doesn't have 'DISTRIBUTED BY' clause, and no column type is suitable for a distribution key. Creating a NULL policy entry.
set allow_system_table_mods='DML';
delete from gp_distribution_policy where localoid='csq_m1'::regclass;
reset allow_system_table_mods;
alter table csq_m1 add column x int;
insert into csq_m1 values(1),(2),(3);
drop table if exists csq_d1;
create table csq_d1(x int) distributed by (x);
insert into csq_d1 select * from csq_m1 where x < 3;
insert into csq_d1 values(4);
select * from csq_m1;
 x 
---
 1
 2
 3
(3 rows)

select * from csq_d1;
 x 
---
 1
 2
 4
(3 rows)

--
-- outer plan node is master-only and CSQ has distributed relation
--
explain select * from csq_m1 where x not in (select x from csq_d1) or x < -100; -- gather motion
                                        QUERY PLAN                                        
------------------------------------------------------------------------------------------
 Seq Scan on csq_m1  (cost=0.00..2.58 rows=2 width=4)
   Filter: (NOT ((subplan))) OR x < (-100)
   SubPlan 1
     ->  Materialize  (cost=1.02..1.04 rows=1 width=4)
           ->  Gather Motion 3:1  (slice1; segments: 3)  (cost=0.00..1.02 rows=2 width=4)
                 ->  Seq Scan on csq_d1  (cost=0.00..1.02 rows=1 width=4)
 Settings:  optimizer_segments=3
 Optimizer status: legacy query optimizer
(8 rows)

select * from csq_m1 where x not in (select x from csq_d1) or x < -100; -- (3)
 x 
---
 3
(1 row)

--
-- outer plan node is master-only and CSQ has distributed relation
--
explain select * from csq_d1 where x not in (select x from csq_m1) or x < -100; -- broadcast motion
                                      QUERY PLAN                                      
--------------------------------------------------------------------------------------
 Gather Motion 3:1  (slice2; segments: 3)  (cost=0.00..2.07 rows=2 width=4)
   ->  Seq Scan on csq_d1  (cost=0.00..2.07 rows=1 width=4)
         Filter: (NOT ((subplan))) OR x < (-100)
         SubPlan 1
           ->  Materialize  (cost=1.03..1.06 rows=3 width=4)
                 ->  Broadcast Motion 1:3  (slice1)  (cost=0.00..1.03 rows=3 width=4)
                       ->  Seq Scan on csq_m1  (cost=0.00..1.03 rows=3 width=4)
 Settings:  optimizer_segments=3
 Optimizer status: legacy query optimizer
(9 rows)

select * from csq_d1 where x not in (select x from csq_m1) or x < -100; -- (4)
 x 
---
 4
(1 row)

-- drop csq_m1 since we deleted its gp_distribution_policy entry
drop table csq_m1;
--
-- MPP-14441 Don't lose track of initplans
--
drop table if exists csq_t1;
NOTICE:  table "csq_t1" does not exist, skipping
CREATE TABLE csq_t1 (a int, b int, c int, d int, e text) DISTRIBUTED BY (a);
INSERT INTO csq_t1 SELECT i, i/3, i%2, 100-i, 'text'||i  FROM generate_series(1,100) i;
select count(*) from csq_t1 t1 where a > (SELECT x.b FROM ( select avg(a)::int as b,'haha'::text from csq_t1 t2 where t2.a=t1.d) x ) ;
 count 
-------
    49
(1 row)

select count(*) from csq_t1 t1 where a > ( select avg(a)::int from csq_t1 t2 where t2.a=t1.d) ;
 count 
-------
    49
(1 row)

--
-- correlation in a func expr
--
CREATE OR REPLACE FUNCTION csq_f(a int) RETURNS int AS $$ select $1 $$ LANGUAGE SQL CONTAINS SQL;
DROP TABLE IF EXISTS csq_r;
NOTICE:  table "csq_r" does not exist, skipping
CREATE TABLE csq_r(a int) distributed by (a);
INSERT INTO csq_r VALUES (1);
-- subqueries shouldn't be pulled into a join if the from clause has a function call
-- with a correlated argument
-- force_explain
explain SELECT * FROM csq_r WHERE a IN (SELECT * FROM csq_f(csq_r.a));
                                 QUERY PLAN                                 
----------------------------------------------------------------------------
 Gather Motion 3:1  (slice1; segments: 3)  (cost=0.00..1.02 rows=1 width=4)
   ->  Seq Scan on csq_r  (cost=0.00..1.02 rows=1 width=4)
         Filter: (subplan)
         SubPlan 1
           ->  Function Scan on csq_f  (cost=0.00..0.01 rows=1 width=4)
 Settings:  optimizer_segments=3
 Optimizer status: legacy query optimizer
(7 rows)

SELECT * FROM csq_r WHERE a IN (SELECT * FROM csq_f(csq_r.a));
 a 
---
 1
(1 row)

-- force_explain
explain SELECT * FROM csq_r WHERE a not IN (SELECT * FROM csq_f(csq_r.a));
                                 QUERY PLAN                                 
----------------------------------------------------------------------------
 Gather Motion 3:1  (slice1; segments: 3)  (cost=0.00..1.02 rows=1 width=4)
   ->  Seq Scan on csq_r  (cost=0.00..1.02 rows=1 width=4)
         Filter: (subplan)
         SubPlan 1
           ->  Function Scan on csq_f  (cost=0.00..0.01 rows=1 width=4)
 Settings:  optimizer_segments=3
 Optimizer status: legacy query optimizer
(7 rows)

SELECT * FROM csq_r WHERE a not IN (SELECT * FROM csq_f(csq_r.a));
 a 
---
(0 rows)

-- force_explain
explain SELECT * FROM csq_r WHERE exists (SELECT * FROM csq_f(csq_r.a));
                                 QUERY PLAN                                 
----------------------------------------------------------------------------
 Gather Motion 3:1  (slice1; segments: 3)  (cost=0.00..1.02 rows=1 width=4)
   ->  Seq Scan on csq_r  (cost=0.00..1.02 rows=1 width=4)
         Filter: (subplan)
         SubPlan 1
           ->  Function Scan on csq_f  (cost=0.00..0.01 rows=1 width=4)
 Settings:  optimizer_segments=3
 Optimizer status: legacy query optimizer
(7 rows)

SELECT * FROM csq_r WHERE exists (SELECT * FROM csq_f(csq_r.a));
 a 
---
 1
(1 row)

-- force_explain
explain SELECT * FROM csq_r WHERE not exists (SELECT * FROM csq_f(csq_r.a));
                                 QUERY PLAN                                 
----------------------------------------------------------------------------
 Gather Motion 3:1  (slice1; segments: 3)  (cost=0.00..1.02 rows=1 width=4)
   ->  Seq Scan on csq_r  (cost=0.00..1.02 rows=1 width=4)
         Filter: NOT ((subplan))
         SubPlan 1
           ->  Function Scan on csq_f  (cost=0.00..0.01 rows=1 width=4)
 Settings:  optimizer_segments=3
 Optimizer status: legacy query optimizer
(7 rows)

SELECT * FROM csq_r WHERE not exists (SELECT * FROM csq_f(csq_r.a));
 a 
---
(0 rows)

-- force_explain
explain SELECT * FROM csq_r WHERE a > (SELECT csq_f FROM csq_f(csq_r.a) limit 1);
                                  QUERY PLAN                                  
------------------------------------------------------------------------------
 Gather Motion 3:1  (slice1; segments: 3)  (cost=0.00..1.02 rows=1 width=4)
   ->  Seq Scan on csq_r  (cost=0.00..1.02 rows=1 width=4)
         Filter: a > ((subplan))
         SubPlan 1
           ->  Limit  (cost=0.00..0.01 rows=1 width=4)
                 ->  Function Scan on csq_f  (cost=0.00..0.01 rows=1 width=4)
 Settings:  optimizer_segments=3
 Optimizer status: legacy query optimizer
(8 rows)

SELECT * FROM csq_r WHERE a > (SELECT csq_f FROM csq_f(csq_r.a) limit 1);
 a 
---
(0 rows)

-- force_explain
explain SELECT * FROM csq_r WHERE a < ANY (SELECT csq_f FROM csq_f(csq_r.a));
                                 QUERY PLAN                                 
----------------------------------------------------------------------------
 Gather Motion 3:1  (slice1; segments: 3)  (cost=0.00..1.02 rows=1 width=4)
   ->  Seq Scan on csq_r  (cost=0.00..1.02 rows=1 width=4)
         Filter: (subplan)
         SubPlan 1
           ->  Function Scan on csq_f  (cost=0.00..0.01 rows=1 width=4)
 Settings:  optimizer_segments=3
 Optimizer status: legacy query optimizer
(7 rows)

SELECT * FROM csq_r WHERE a < ANY (SELECT csq_f FROM csq_f(csq_r.a));
 a 
---
(0 rows)

-- force_explain
explain SELECT * FROM csq_r WHERE a <= ALL (SELECT csq_f FROM csq_f(csq_r.a));
                                 QUERY PLAN                                 
----------------------------------------------------------------------------
 Gather Motion 3:1  (slice1; segments: 3)  (cost=0.00..1.02 rows=1 width=4)
   ->  Seq Scan on csq_r  (cost=0.00..1.02 rows=1 width=4)
         Filter: (subplan)
         SubPlan 1
           ->  Function Scan on csq_f  (cost=0.00..0.01 rows=1 width=4)
 Settings:  optimizer_segments=3
 Optimizer status: legacy query optimizer
(7 rows)

SELECT * FROM csq_r WHERE a <= ALL (SELECT csq_f FROM csq_f(csq_r.a));
 a 
---
 1
(1 row)

-- fails: correlation in distributed subplan
-- force_explain
explain SELECT * FROM csq_r WHERE a IN (SELECT csq_f FROM csq_f(csq_r.a),csq_r);
ERROR:  Cannot parallelize that query yet.
DETAIL:  In a subquery FROM clause, a function invocation cannot contain a correlated reference.
--
-- Test pullup of expr CSQs to joins
--
--
-- Test data
--
drop table if exists csq_pullup;
NOTICE:  table "csq_pullup" does not exist, skipping
create table csq_pullup(t text, n numeric, i int, v varchar(10)) distributed by (t);
insert into csq_pullup values ('abc',1, 2, 'xyz');
insert into csq_pullup values ('xyz',2, 3, 'def');  
insert into csq_pullup values ('def',3, 1, 'abc'); 
--
-- Expr CSQs to joins
--
--
-- text, text
--
explain select * from csq_pullup t0 where 1= (select count(*) from csq_pullup t1 where t0.t=t1.t);
                                        QUERY PLAN                                         
-------------------------------------------------------------------------------------------
 Gather Motion 3:1  (slice1; segments: 3)  (cost=1.06..2.11 rows=4 width=19)
   ->  Hash Join  (cost=1.06..2.11 rows=2 width=19)
         Hash Cond: t0.t = "Expr_SUBQUERY".csq_c0
         ->  Seq Scan on csq_pullup t0  (cost=0.00..1.01 rows=1 width=19)
         ->  Hash  (cost=1.04..1.04 rows=1 width=32)
               ->  Subquery Scan "Expr_SUBQUERY"  (cost=1.02..1.04 rows=1 width=32)
                     ->  HashAggregate  (cost=1.02..1.03 rows=1 width=40)
                           Filter: count(*) = 1
                           Group By: t1.t
                           ->  Seq Scan on csq_pullup t1  (cost=0.00..1.01 rows=1 width=4)
 Settings:  optimizer_segments=3
 Optimizer status: legacy query optimizer
(12 rows)

select * from csq_pullup t0 where 1= (select count(*) from csq_pullup t1 where t0.t=t1.t);
  t  | n | i |  v  
-----+---+---+-----
 def | 3 | 1 | abc
 abc | 1 | 2 | xyz
 xyz | 2 | 3 | def
(3 rows)

--
-- text, varchar
--
explain select * from csq_pullup t0 where 1= (select count(*) from csq_pullup t1 where t0.t=t1.v);
                                                   QUERY PLAN                                                    
-----------------------------------------------------------------------------------------------------------------
 Gather Motion 3:1  (slice2; segments: 3)  (cost=1.09..2.14 rows=4 width=19)
   ->  Hash Join  (cost=1.09..2.14 rows=2 width=19)
         Hash Cond: t0.t = "Expr_SUBQUERY".csq_c0
         ->  Seq Scan on csq_pullup t0  (cost=0.00..1.01 rows=1 width=19)
         ->  Hash  (cost=1.08..1.08 rows=1 width=32)
               ->  Subquery Scan "Expr_SUBQUERY"  (cost=1.05..1.08 rows=1 width=32)
                     ->  HashAggregate  (cost=1.05..1.07 rows=1 width=40)
                           Filter: count(partial_aggregation.unnamed_attr_2) = 1
                           Group By: "?column1?"
                           ->  Redistribute Motion 3:3  (slice1; segments: 3)  (cost=1.02..1.04 rows=1 width=40)
                                 Hash Key: unnamed_attr_1
                                 ->  HashAggregate  (cost=1.02..1.02 rows=1 width=40)
                                       Group By: t1.v::text
                                       ->  Seq Scan on csq_pullup t1  (cost=0.00..1.01 rows=1 width=4)
 Settings:  optimizer_segments=3
 Optimizer status: legacy query optimizer
(16 rows)

select * from csq_pullup t0 where 1= (select count(*) from csq_pullup t1 where t0.t=t1.v);
  t  | n | i |  v  
-----+---+---+-----
 def | 3 | 1 | abc
 abc | 1 | 2 | xyz
 xyz | 2 | 3 | def
(3 rows)

--
-- numeric, numeric
--
explain select * from csq_pullup t0 where 1= (select count(*) from csq_pullup t1 where t0.n=t1.n);
                                                   QUERY PLAN                                                    
-----------------------------------------------------------------------------------------------------------------
 Gather Motion 3:1  (slice3; segments: 3)  (cost=1.09..2.16 rows=4 width=19)
   ->  Hash Join  (cost=1.09..2.16 rows=2 width=19)
         Hash Cond: t0.n = "Expr_SUBQUERY".csq_c0
         ->  Redistribute Motion 3:3  (slice1; segments: 3)  (cost=0.00..1.03 rows=1 width=19)
               Hash Key: t0.n
               ->  Seq Scan on csq_pullup t0  (cost=0.00..1.01 rows=1 width=19)
         ->  Hash  (cost=1.08..1.08 rows=1 width=32)
               ->  Subquery Scan "Expr_SUBQUERY"  (cost=1.05..1.08 rows=1 width=32)
                     ->  HashAggregate  (cost=1.05..1.07 rows=1 width=40)
                           Filter: count(partial_aggregation.unnamed_attr_2) = 1
                           Group By: t1.n
                           ->  Redistribute Motion 3:3  (slice2; segments: 3)  (cost=1.02..1.04 rows=1 width=40)
                                 Hash Key: t1.n
                                 ->  HashAggregate  (cost=1.02..1.02 rows=1 width=40)
                                       Group By: t1.n
                                       ->  Seq Scan on csq_pullup t1  (cost=0.00..1.01 rows=1 width=7)
 Settings:  optimizer_segments=3
 Optimizer status: legacy query optimizer
(18 rows)

select * from csq_pullup t0 where 1= (select count(*) from csq_pullup t1 where t0.n=t1.n);
  t  | n | i |  v  
-----+---+---+-----
 def | 3 | 1 | abc
 xyz | 2 | 3 | def
 abc | 1 | 2 | xyz
(3 rows)

--
-- function(numeric), function(numeric)
--
explain select * from csq_pullup t0 where 1= (select count(*) from csq_pullup t1 where t0.n + 1=t1.n + 1);
                                                   QUERY PLAN                                                    
-----------------------------------------------------------------------------------------------------------------
 Gather Motion 3:1  (slice3; segments: 3)  (cost=1.10..2.17 rows=4 width=19)
   ->  Hash Join  (cost=1.10..2.17 rows=2 width=19)
         Hash Cond: (t0.n + 1::numeric) = "Expr_SUBQUERY".csq_c0
         ->  Redistribute Motion 3:3  (slice1; segments: 3)  (cost=0.00..1.03 rows=1 width=19)
               Hash Key: t0.n + 1::numeric
               ->  Seq Scan on csq_pullup t0  (cost=0.00..1.01 rows=1 width=19)
         ->  Hash  (cost=1.09..1.09 rows=1 width=32)
               ->  Subquery Scan "Expr_SUBQUERY"  (cost=1.06..1.09 rows=1 width=32)
                     ->  HashAggregate  (cost=1.06..1.08 rows=1 width=40)
                           Filter: count(partial_aggregation.unnamed_attr_2) = 1
                           Group By: "?column1?"
                           ->  Redistribute Motion 3:3  (slice2; segments: 3)  (cost=1.02..1.04 rows=1 width=40)
                                 Hash Key: unnamed_attr_1
                                 ->  HashAggregate  (cost=1.02..1.02 rows=1 width=40)
                                       Group By: t1.n + 1::numeric
                                       ->  Seq Scan on csq_pullup t1  (cost=0.00..1.01 rows=1 width=7)
 Settings:  optimizer_segments=3
 Optimizer status: legacy query optimizer
(18 rows)

select * from csq_pullup t0 where 1= (select count(*) from csq_pullup t1 where t0.n + 1=t1.n + 1);
  t  | n | i |  v  
-----+---+---+-----
 def | 3 | 1 | abc
 xyz | 2 | 3 | def
 abc | 1 | 2 | xyz
(3 rows)

--
-- function(numeric), function(int)
--
explain select * from csq_pullup t0 where 1= (select count(*) from csq_pullup t1 where t0.n + 1=t1.i + 1);
                                                   QUERY PLAN                                                    
-----------------------------------------------------------------------------------------------------------------
 Gather Motion 3:1  (slice3; segments: 3)  (cost=1.10..2.18 rows=4 width=19)
   ->  Hash Join  (cost=1.10..2.18 rows=2 width=19)
         Hash Cond: (t0.n + 1::numeric) = "Expr_SUBQUERY".csq_c0
         ->  Redistribute Motion 3:3  (slice1; segments: 3)  (cost=0.00..1.03 rows=1 width=19)
               Hash Key: t0.n + 1::numeric
               ->  Seq Scan on csq_pullup t0  (cost=0.00..1.01 rows=1 width=19)
         ->  Hash  (cost=1.09..1.09 rows=1 width=32)
               ->  Subquery Scan "Expr_SUBQUERY"  (cost=1.06..1.09 rows=1 width=32)
                     ->  HashAggregate  (cost=1.06..1.08 rows=1 width=40)
                           Filter: count(partial_aggregation.unnamed_attr_2) = 1
                           Group By: "?column1?"
                           ->  Redistribute Motion 3:3  (slice2; segments: 3)  (cost=1.02..1.05 rows=1 width=40)
                                 Hash Key: unnamed_attr_1
                                 ->  HashAggregate  (cost=1.02..1.03 rows=1 width=40)
                                       Group By: (t1.i + 1)::numeric
                                       ->  Seq Scan on csq_pullup t1  (cost=0.00..1.01 rows=1 width=4)
 Settings:  optimizer_segments=3
 Optimizer status: legacy query optimizer
(18 rows)

select * from csq_pullup t0 where 1= (select count(*) from csq_pullup t1 where t0.n + 1=t1.i + 1);
  t  | n | i |  v  
-----+---+---+-----
 xyz | 2 | 3 | def
 def | 3 | 1 | abc
 abc | 1 | 2 | xyz
(3 rows)

--
-- NOT EXISTS CSQs to joins
--
--
-- text, text
--
explain select * from csq_pullup t0 where not exists (select 1 from csq_pullup t1 where t0.t=t1.t and t1.i = 1);
                                  QUERY PLAN                                   
-------------------------------------------------------------------------------
 Gather Motion 3:1  (slice1; segments: 3)  (cost=1.02..2.07 rows=4 width=19)
   ->  Hash Anti Join  (cost=1.02..2.07 rows=2 width=19)
         Hash Cond: t0.t = t1.t
         ->  Seq Scan on csq_pullup t0  (cost=0.00..1.01 rows=1 width=19)
         ->  Hash  (cost=1.01..1.01 rows=1 width=4)
               ->  Seq Scan on csq_pullup t1  (cost=0.00..1.01 rows=1 width=4)
                     Filter: t IS NOT NULL AND i = 1
 Settings:  optimizer_segments=3
 Optimizer status: legacy query optimizer
(9 rows)

select * from csq_pullup t0 where not exists (select 1 from csq_pullup t1 where t0.t=t1.t and t1.i = 1);
  t  | n | i |  v  
-----+---+---+-----
 abc | 1 | 2 | xyz
 xyz | 2 | 3 | def
(2 rows)

--
-- int, function(int)
--
explain select * from csq_pullup t0 where not exists (select 1 from csq_pullup t1 where t0.i=t1.i + 1);
                                           QUERY PLAN                                            
-------------------------------------------------------------------------------------------------
 Gather Motion 3:1  (slice2; segments: 3)  (cost=1.09..2.15 rows=4 width=19)
   ->  Hash Anti Join  (cost=1.09..2.15 rows=2 width=19)
         Hash Cond: t0.i = (t1.i + 1)
         ->  Seq Scan on csq_pullup t0  (cost=0.00..1.01 rows=1 width=19)
         ->  Hash  (cost=1.05..1.05 rows=1 width=4)
               ->  Broadcast Motion 3:3  (slice1; segments: 3)  (cost=0.00..1.05 rows=1 width=4)
                     ->  Seq Scan on csq_pullup t1  (cost=0.00..1.01 rows=1 width=4)
                           Filter: (i + 1) IS NOT NULL
 Settings:  optimizer_segments=3
 Optimizer status: legacy query optimizer
(10 rows)

select * from csq_pullup t0 where not exists (select 1 from csq_pullup t1 where t0.i=t1.i + 1);
  t  | n | i |  v  
-----+---+---+-----
 def | 3 | 1 | abc
(1 row)

--
-- wrong results bug MPP-16477
--
drop table if exists subselect_t1;
NOTICE:  table "subselect_t1" does not exist, skipping
drop table if exists subselect_t2;
NOTICE:  table "subselect_t2" does not exist, skipping
create table subselect_t1(x int) distributed by (x);
insert into subselect_t1 values(1),(2);
create table subselect_t2(y int) distributed by (y);
insert into subselect_t2 values(1),(2),(2);
analyze subselect_t1;
analyze subselect_t2;
explain select * from subselect_t1 where x in (select y from subselect_t2);
                                  QUERY PLAN                                  
------------------------------------------------------------------------------
 Gather Motion 3:1  (slice1; segments: 3)  (cost=1.07..2.13 rows=4 width=4)
   ->  Hash Semi Join  (cost=1.07..2.13 rows=2 width=4)
         Hash Cond: subselect_t1.x = subselect_t2.y
         ->  Seq Scan on subselect_t1  (cost=0.00..1.02 rows=1 width=4)
         ->  Hash  (cost=1.03..1.03 rows=1 width=4)
               ->  Seq Scan on subselect_t2  (cost=0.00..1.03 rows=1 width=4)
 Settings:  optimizer_segments=3
 Optimizer status: legacy query optimizer
(8 rows)

select * from subselect_t1 where x in (select y from subselect_t2);
 x 
---
 1
 2
(2 rows)

-- start_ignore
-- Known_opt_diff: MPP-21351
-- end_ignore
explain select * from subselect_t1 where x in (select y from subselect_t2 union all select y from subselect_t2);
                                             QUERY PLAN                                             
----------------------------------------------------------------------------------------------------
 Gather Motion 3:1  (slice2; segments: 3)  (cost=2.38..3.44 rows=4 width=4)
   ->  Hash Semi Join  (cost=2.38..3.44 rows=2 width=4)
         Hash Cond: subselect_t1.x = "IN_subquery".y
         ->  Seq Scan on subselect_t1  (cost=0.00..1.02 rows=1 width=4)
         ->  Hash  (cost=2.30..2.30 rows=2 width=4)
               ->  Redistribute Motion 3:3  (slice1; segments: 3)  (cost=0.00..2.30 rows=2 width=4)
                     Hash Key: "IN_subquery".y
                     ->  Append  (cost=0.00..2.12 rows=2 width=4)
                           ->  Seq Scan on subselect_t2  (cost=0.00..1.03 rows=1 width=4)
                           ->  Seq Scan on subselect_t2  (cost=0.00..1.03 rows=1 width=4)
 Settings:  optimizer_segments=3
 Optimizer status: legacy query optimizer
(12 rows)

select * from subselect_t1 where x in (select y from subselect_t2 union all select y from subselect_t2);
 x 
---
 1
 2
(2 rows)

explain select count(*) from subselect_t1 where x in (select y from subselect_t2);
                                        QUERY PLAN                                        
------------------------------------------------------------------------------------------
 Aggregate  (cost=2.21..2.22 rows=1 width=8)
   ->  Gather Motion 3:1  (slice1; segments: 3)  (cost=2.14..2.19 rows=1 width=8)
         ->  Aggregate  (cost=2.14..2.15 rows=1 width=8)
               ->  Hash Semi Join  (cost=1.07..2.13 rows=2 width=0)
                     Hash Cond: subselect_t1.x = subselect_t2.y
                     ->  Seq Scan on subselect_t1  (cost=0.00..1.02 rows=1 width=4)
                     ->  Hash  (cost=1.03..1.03 rows=1 width=4)
                           ->  Seq Scan on subselect_t2  (cost=0.00..1.03 rows=1 width=4)
 Settings:  optimizer_segments=3
 Optimizer status: legacy query optimizer
(10 rows)

select count(*) from subselect_t1 where x in (select y from subselect_t2);
 count 
-------
     2
(1 row)

-- start_ignore
-- Known_opt_diff: MPP-21351
-- end_ignore
explain select count(*) from subselect_t1 where x in (select y from subselect_t2 union all select y from subselect_t2);
                                                   QUERY PLAN                                                   
----------------------------------------------------------------------------------------------------------------
 Aggregate  (cost=3.51..3.52 rows=1 width=8)
   ->  Gather Motion 3:1  (slice2; segments: 3)  (cost=3.45..3.50 rows=1 width=8)
         ->  Aggregate  (cost=3.45..3.46 rows=1 width=8)
               ->  Hash Semi Join  (cost=2.38..3.44 rows=2 width=0)
                     Hash Cond: subselect_t1.x = "IN_subquery".y
                     ->  Seq Scan on subselect_t1  (cost=0.00..1.02 rows=1 width=4)
                     ->  Hash  (cost=2.30..2.30 rows=2 width=4)
                           ->  Redistribute Motion 3:3  (slice1; segments: 3)  (cost=0.00..2.30 rows=2 width=4)
                                 Hash Key: "IN_subquery".y
                                 ->  Append  (cost=0.00..2.12 rows=2 width=4)
                                       ->  Seq Scan on subselect_t2  (cost=0.00..1.03 rows=1 width=4)
                                       ->  Seq Scan on subselect_t2  (cost=0.00..1.03 rows=1 width=4)
 Settings:  optimizer_segments=3
 Optimizer status: legacy query optimizer
(14 rows)

select count(*) from subselect_t1 where x in (select y from subselect_t2 union all select y from subselect_t2);
 count 
-------
     2
(1 row)

select count(*) from 
       ( select 1 as FIELD_1 union all select 2 as FIELD_1 ) TABLE_1 
       where FIELD_1 in ( select 1 as FIELD_1 union all select 1 as FIELD_1 union all select 1 as FIELD_1 );
 count 
-------
     1
(1 row)

       
--
-- Query was deadlocking because of not squelching subplans (MPP-18936)
--
drop table if exists t1; 
drop table if exists t2; 
drop table if exists t3; 
drop table if exists t4; 
CREATE TABLE t1 AS (SELECT generate_series(1, 5000) AS i, generate_series(5001, 10000) AS j);
NOTICE:  Table doesn't have 'DISTRIBUTED BY' clause -- Using column(s) named 'i' as the Greenplum Database data distribution key for this table.
HINT:  The 'DISTRIBUTED BY' clause determines the distribution of data. Make sure column(s) chosen are the optimal data distribution key to minimize skew.
CREATE TABLE t2 AS (SELECT * FROM t1 WHERE gp_segment_id = 0);
NOTICE:  Table doesn't have 'DISTRIBUTED BY' clause -- Using column(s) named 'i' as the Greenplum Database data distribution key for this table.
HINT:  The 'DISTRIBUTED BY' clause determines the distribution of data. Make sure column(s) chosen are the optimal data distribution key to minimize skew.
CREATE TABLE t3 AS (SELECT * FROM t1 WHERE gp_segment_id = 1);
NOTICE:  Table doesn't have 'DISTRIBUTED BY' clause -- Using column(s) named 'i' as the Greenplum Database data distribution key for this table.
HINT:  The 'DISTRIBUTED BY' clause determines the distribution of data. Make sure column(s) chosen are the optimal data distribution key to minimize skew.
CREATE TABLE t4 (i1 int, i2 int); 
NOTICE:  Table doesn't have 'DISTRIBUTED BY' clause -- Using column named 'i1' as the Greenplum Database data distribution key for this table.
HINT:  The 'DISTRIBUTED BY' clause determines the distribution of data. Make sure column(s) chosen are the optimal data distribution key to minimize skew.
set gp_interconnect_queue_depth=1;
-- This query was deadlocking on a 2P system
INSERT INTO t4 
(
SELECT t1.i, (SELECT t3.i FROM t3 WHERE t3.i + 1 = t1.i + 1)
FROM t1, t3
WHERE t1.i = t3.i
)
UNION
(
SELECT t1.i, (SELECT t2.i FROM t2 WHERE t2.i + 1 = t1.i + 1)
FROM t1, t2
WHERE t1.i = t2.i
);
drop table if exists t1; 
drop table if exists t2; 
drop table if exists t3; 
drop table if exists t4; 
--
-- Initplans with no corresponding params should be removed MPP-20600
--
drop table if exists t1;
NOTICE:  table "t1" does not exist, skipping
drop table if exists t2;
NOTICE:  table "t2" does not exist, skipping
create table t1(a int);
NOTICE:  Table doesn't have 'DISTRIBUTED BY' clause -- Using column named 'a' as the Greenplum Database data distribution key for this table.
HINT:  The 'DISTRIBUTED BY' clause determines the distribution of data. Make sure column(s) chosen are the optimal data distribution key to minimize skew.
create table t2(b int);
NOTICE:  Table doesn't have 'DISTRIBUTED BY' clause -- Using column named 'b' as the Greenplum Database data distribution key for this table.
HINT:  The 'DISTRIBUTED BY' clause determines the distribution of data. Make sure column(s) chosen are the optimal data distribution key to minimize skew.
select * from t1 where a=1 and a=2 and a > (select t2.b from t2);
 a 
---
(0 rows)

explain select * from t1 where a=1 and a=2 and a > (select t2.b from t2);
                   QUERY PLAN                   
------------------------------------------------
 Result  (cost=1063.00..1063.01 rows=1 width=0)
   One-Time Filter: false
 Settings:  optimizer_segments=3
 Optimizer status: legacy query optimizer
(4 rows)

explain select * from t1 where a=1 and a=2 and a > (select t2.b from t2)
union all
select * from t1 where a=1 and a=2 and a > (select t2.b from t2);
                      QUERY PLAN                      
------------------------------------------------------
 Append  (cost=1063.00..2126.04 rows=1 width=0)
   ->  Result  (cost=1063.00..1063.01 rows=1 width=0)
         One-Time Filter: false
   ->  Result  (cost=1063.00..1063.01 rows=1 width=0)
         One-Time Filter: false
 Settings:  optimizer_segments=3
 Optimizer status: legacy query optimizer
(7 rows)

select * from t1 where a=1 and a=2 and a > (select t2.b from t2)
union all
select * from t1 where a=1 and a=2 and a > (select t2.b from t2);
 a 
---
(0 rows)

explain select * from t1,
(select * from t1 where a=1 and a=2 and a > (select t2.b from t2)) foo
where t1.a = foo.a;
                                 QUERY PLAN                                  
-----------------------------------------------------------------------------
 Result  (cost=1063.00..1063.01 rows=1 width=0)
   One-Time Filter: false
 Settings:  optimizer=off; optimizer_nestloop_factor=1; optimizer_segments=3
 Optimizer status: legacy query optimizer
(4 rows)

select * from t1,
(select * from t1 where a=1 and a=2 and a > (select t2.b from t2)) foo
where t1.a = foo.a;
 a | a 
---+---
(0 rows)

--
-- Correlated subqueries with limit/offset clause must not be pulled up as join
--
insert into t1 values (1);
insert into t2 values (1);
explain select 1 from t1 where a in (select b from t2 where a = 1 limit 1);
                                                        QUERY PLAN                                                         
---------------------------------------------------------------------------------------------------------------------------
 Gather Motion 3:1  (slice2; segments: 3)  (cost=0.00..1.53 rows=1 width=0)
   ->  Seq Scan on t1  (cost=0.00..1.53 rows=1 width=0)
         Filter: (SubPlan 1)
         SubPlan 1
           ->  Limit  (cost=0.00..1.03 rows=1 width=4)
                 ->  Limit  (cost=0.00..1.01 rows=1 width=4)
                       ->  Result  (cost=0.00..1.01 rows=1 width=4)
                             One-Time Filter: $0 = 1
                             ->  Result  (cost=1.01..1.02 rows=1 width=4)
                                   ->  Materialize  (cost=1.01..1.02 rows=1 width=4)
                                         ->  Broadcast Motion 3:3  (slice1; segments: 3)  (cost=0.00..1.01 rows=1 width=4)
                                               ->  Seq Scan on t2  (cost=0.00..1.01 rows=1 width=4)
 Settings:  optimizer=off; optimizer_nestloop_factor=1; optimizer_segments=3
 Optimizer status: legacy query optimizer
(14 rows)

explain select 1 from t1 where a in (select b from t2 where a = 1 offset 1);
                                                     QUERY PLAN                                                      
---------------------------------------------------------------------------------------------------------------------
 Gather Motion 3:1  (slice2; segments: 3)  (cost=0.00..2.05 rows=1 width=0)
   ->  Seq Scan on t1  (cost=0.00..2.05 rows=1 width=0)
         Filter: (SubPlan 1)
         SubPlan 1
           ->  Limit  (cost=1.03..1.03 rows=1 width=4)
                 ->  Result  (cost=0.00..1.01 rows=1 width=4)
                       One-Time Filter: $0 = 1
                       ->  Result  (cost=1.01..1.02 rows=1 width=4)
                             ->  Materialize  (cost=1.01..1.02 rows=1 width=4)
                                   ->  Broadcast Motion 3:3  (slice1; segments: 3)  (cost=0.00..1.01 rows=1 width=4)
                                         ->  Seq Scan on t2  (cost=0.00..1.01 rows=1 width=4)
 Settings:  optimizer=off; optimizer_nestloop_factor=1; optimizer_segments=3
 Optimizer status: legacy query optimizer
(13 rows)

select 1 from t1 where a in (select b from t2 where a = 1 limit 1);
 ?column? 
----------
        1
(1 row)

select 1 from t1 where a in (select b from t2 where a = 1 offset 1);
 ?column? 
----------
(0 rows)

drop table if exists t1;
drop table if exists t2;
--
-- Test for a bug we used to have with eliminating InitPlans. The subplan,
-- (select max(content) from y), was eliminated when it shouldn't have been.
-- The query is supposed to return 0 rows, but returned > 0 when the bug was
-- present.
--
CREATE TABLE initplan_x (i int4, t text);
NOTICE:  Table doesn't have 'DISTRIBUTED BY' clause -- Using column named 'i' as the Greenplum Database data distribution key for this table.
HINT:  The 'DISTRIBUTED BY' clause determines the distribution of data. Make sure column(s) chosen are the optimal data distribution key to minimize skew.
insert into initplan_x values
 (1, 'foobar1'),
 (2, 'foobar2'),
 (3, 'foobar3'),
 (4, 'foobar4'),
 (5, 'foobar5');
CREATE TABLE initplan_y (content int4);
NOTICE:  Table doesn't have 'DISTRIBUTED BY' clause -- Using column named 'content' as the Greenplum Database data distribution key for this table.
HINT:  The 'DISTRIBUTED BY' clause determines the distribution of data. Make sure column(s) chosen are the optimal data distribution key to minimize skew.
insert into initplan_y values (5);
select i, t from initplan_x
except
select g, t from initplan_x,
                 generate_series(0, (select max(content) from initplan_y)) g
order by 1;
 i | t 
---+---
(0 rows)

drop table if exists initplan_x;
drop table if exists initplan_y;
--
-- Test Initplans that return multiple params.
--
create table initplan_test(i int, j int, m int);
NOTICE:  Table doesn't have 'DISTRIBUTED BY' clause -- Using column named 'i' as the Greenplum Database data distribution key for this table.
HINT:  The 'DISTRIBUTED BY' clause determines the distribution of data. Make sure column(s) chosen are the optimal data distribution key to minimize skew.
insert into initplan_test values (1,1,1);
select * from initplan_test where row(j, m) = (select j, m from initplan_test where i = 1);
 i | j | m 
---+---+---
 1 | 1 | 1
(1 row)

drop table initplan_test;
--
-- apply parallelization for subplan MPP-24563
--
create table t1_mpp_24563 (id int, value int) distributed by (id);
insert into t1_mpp_24563 values (1, 3);
create table t2_mpp_24563 (id int, value int, seq int) distributed by (id);
insert into t2_mpp_24563 values (1, 7, 5);
explain select row_number() over (order by seq asc) as id, foo.cnt
from
(select seq, (select count(*) from t1_mpp_24563 t1 where t1.id = t2.id) cnt from
	t2_mpp_24563 t2 where value = 7) foo;
                                              QUERY PLAN                                              
------------------------------------------------------------------------------------------------------
 WindowAgg  (cost=1.02..2.12 rows=1 width=8)
   Order By: t2.seq
   ->  Gather Motion 3:1  (slice2; segments: 3)  (cost=1.02..1.05 rows=1 width=8)
         Merge Key: t2.seq
         ->  Sort  (cost=1.02..1.03 rows=1 width=8)
               Sort Key: t2.seq
               ->  Seq Scan on t2_mpp_24563 t2  (cost=0.00..1.01 rows=1 width=8)
                     Filter: value = 7
   SubPlan 1
     ->  Aggregate  (cost=1.06..1.07 rows=1 width=8)
           ->  Result  (cost=1.01..1.02 rows=1 width=0)
                 Filter: t1.id = $0
                 ->  Materialize  (cost=1.01..1.02 rows=1 width=0)
                       ->  Gather Motion 3:1  (slice1; segments: 3)  (cost=0.00..1.01 rows=1 width=0)
                             ->  Seq Scan on t1_mpp_24563 t1  (cost=0.00..1.01 rows=1 width=0)
 Settings:  optimizer_segments=3
 Optimizer status: legacy query optimizer
(17 rows)

drop table t1_mpp_24563;
drop table t2_mpp_24563;
--
-- MPP-20470 update the flow of node after parallelizing subplan.
--
CREATE TABLE t_mpp_20470 (
    col_date timestamp without time zone,
    col_name character varying(6),
    col_expiry date
) DISTRIBUTED BY (col_date) PARTITION BY RANGE(col_date)
(
START ('2013-05-10 00:00:00'::timestamp without time zone) END ('2013-05-11
	00:00:00'::timestamp without time zone) WITH (tablename='t_mpp_20470_ptr1', appendonly=false ),
START ('2013-05-24 00:00:00'::timestamp without time zone) END ('2013-05-25
	00:00:00'::timestamp without time zone) WITH (tablename='t_mpp_20470_ptr2', appendonly=false )
);
NOTICE:  CREATE TABLE will create partition "t_mpp_20470_ptr1" for table "t_mpp_20470"
NOTICE:  CREATE TABLE will create partition "t_mpp_20470_ptr2" for table "t_mpp_20470"
COPY t_mpp_20470 from STDIN delimiter '|' null '';
create view v1_mpp_20470 as
SELECT
CASE
	WHEN  b.col_name::text = 'FUTCUR'::text
	THEN  ( SELECT count(a.col_expiry) AS count FROM t_mpp_20470 a WHERE
		a.col_name::text = b.col_name::text)::text
	ELSE 'Q2'::text END  AS  cc,  1 AS nn
FROM t_mpp_20470 b;
explain SELECT  cc, sum(nn) over() FROM v1_mpp_20470;
                                                     QUERY PLAN                                                      
---------------------------------------------------------------------------------------------------------------------
 WindowAgg  (cost=0.00..128121463.20 rows=93400 width=28)
   ->  Gather Motion 3:1  (slice3; segments: 3)  (cost=0.00..1134.00 rows=93400 width=28)
         ->  Append  (cost=0.00..1134.00 rows=31134 width=28)
               ->  Seq Scan on t_mpp_20470_ptr1 b  (cost=0.00..567.00 rows=15567 width=28)
               ->  Seq Scan on t_mpp_20470_ptr2 b  (cost=0.00..567.00 rows=15567 width=28)
   SubPlan 1
     ->  Aggregate  (cost=1371.71..1371.72 rows=1 width=8)
           ->  Result  (cost=0.00..1367.50 rows=32 width=4)
                 ->  Append  (cost=0.00..1367.50 rows=32 width=4)
                       ->  Result  (cost=683.80..684.26 rows=16 width=4)
                             Filter: a.col_name::text = $0::text
                             ->  Materialize  (cost=683.80..684.26 rows=16 width=4)
                                   ->  Gather Motion 3:1  (slice1; segments: 3)  (cost=0.00..683.75 rows=47 width=4)
                                         ->  Seq Scan on t_mpp_20470_ptr1 a  (cost=0.00..683.75 rows=16 width=4)
                       ->  Result  (cost=683.80..684.26 rows=16 width=4)
                             Filter: a.col_name::text = $0::text
                             ->  Materialize  (cost=683.80..684.26 rows=16 width=4)
                                   ->  Gather Motion 3:1  (slice2; segments: 3)  (cost=0.00..683.75 rows=47 width=4)
                                         ->  Seq Scan on t_mpp_20470_ptr2 a  (cost=0.00..683.75 rows=16 width=4)
 Settings:  optimizer=off; optimizer_nestloop_factor=1; optimizer_segments=3
 Optimizer status: legacy query optimizer
(21 rows)

drop view v1_mpp_20470;
drop table t_mpp_20470;
create table tbl_25484(id int, num int) distributed by (id);
insert into tbl_25484 values(1, 1), (2, 2), (3, 3);
select id from tbl_25484 where 3 = (select 3 where 3 = (select num));
 id 
----
  3
(1 row)

drop table tbl_25484;
reset optimizer_segments;
reset optimizer_nestloop_factor;
--
-- Test case that once triggered a bug in the IN-clause pull-up code.
--
SELECT p.id
    FROM (SELECT * FROM generate_series(1,10) id
          WHERE id IN (
              SELECT 1
              UNION ALL
              SELECT 0)) p;
 id 
----
  1
(1 row)

--
-- Verify another bug in the IN-clause pull-up code. This returned some
-- rows from xsupplier twice, because of a bug in detecting whether a
-- Redistribute node was needed.
--
CREATE TABLE xlineitem (l_orderkey int4, l_suppkey int4) distributed by (l_orderkey);
insert into xlineitem select g+3, g from generate_series(10,100) g;
insert into xlineitem select g+1, g from generate_series(10,100) g;
insert into xlineitem select g, g from generate_series(10,100) g;
CREATE TABLE xsupplier (s_suppkey int4, s_name text) distributed by (s_suppkey);
insert into xsupplier select g, 'foo' || g from generate_series(1,10) g;
select s_name from xsupplier
where s_suppkey in (
  select g.l_suppkey from xlineitem g
) ;
 s_name 
--------
 foo10
(1 row)

--
-- Another case that failed at one point. (A planner bug in pulling up a
-- subquery with constant distribution key, 1, in the outer queries.)
--
create table nested_in_tbl(tc1 int, tc2 int) distributed by (tc1);
select * from nested_in_tbl t1  where tc1 in
  (select 1 from nested_in_tbl t2 where tc1 in
    (select 1 from nested_in_tbl t3 where t3.tc2 = t2.tc2));
 tc1 | tc2 
-----+-----
(0 rows)

drop table nested_in_tbl;
--
-- Window query with a function scan that has non-correlated subquery.
--
SELECT rank() over (partition by min(c) order by min(c)) AS p_rank FROM (SELECT d AS c FROM (values(1)) d1, generate_series(0,(SELECT 2)) AS d) tt GROUP BY c;
 p_rank 
--------
      1
      1
      1
(3 rows)

--
-- Remove unused subplans
--
create table foo(a int, b int) distributed by (a) partition by range(b) (start(1) end(3) every(1));
NOTICE:  CREATE TABLE will create partition "foo_1_prt_1" for table "foo"
NOTICE:  CREATE TABLE will create partition "foo_1_prt_2" for table "foo"
create table bar(a int, b int) distributed by (a);
with CT as (select a from foo except select a from bar)
select * from foo
where exists (select 1 from CT where CT.a = foo.a);
 a | b 
---+---
(0 rows)

--
-- Multiple SUBPLAN nodes must not refer to same plan_id
--
CREATE TABLE bar_s (c integer, d character varying(10));
NOTICE:  Table doesn't have 'DISTRIBUTED BY' clause -- Using column named 'c' as the Greenplum Database data distribution key for this table.
HINT:  The 'DISTRIBUTED BY' clause determines the distribution of data. Make sure column(s) chosen are the optimal data distribution key to minimize skew.
INSERT INTO bar_s VALUES (9,9);
SELECT * FROM bar_s T1 WHERE c = (SELECT max(c) FROM bar_s T2 WHERE T2.d = T1.d GROUP BY c) AND c < 10;
 c | d
---+---
 9 | 9
(1 row)

CREATE TABLE foo_s (a integer, b integer)  PARTITION BY RANGE(b)
    (PARTITION sub_one START (1) END (10),
     PARTITION sub_two START (11) END (22));
NOTICE:  Table doesn't have 'DISTRIBUTED BY' clause -- Using column named 'a' as the Greenplum Database data distribution key for this table.
HINT:  The 'DISTRIBUTED BY' clause determines the distribution of data. Make sure column(s) chosen are the optimal data distribution key to minimize skew.
NOTICE:  CREATE TABLE will create partition "foo_s_1_prt_sub_one" for table "foo_s"
NOTICE:  CREATE TABLE will create partition "foo_s_1_prt_sub_two" for table "foo_s"
INSERT INTO foo_s VALUES (9,9);
INSERT INTO foo_s VALUES (2,9);
SELECT bar_s.c from bar_s, foo_s WHERE foo_s.a=2 AND foo_s.b = (SELECT max(b) FROM foo_s WHERE bar_s.c = 9);
 c 
---
 9
(1 row)

CREATE TABLE baz_s (i int4);
NOTICE:  Table doesn't have 'DISTRIBUTED BY' clause -- Using column named 'i' as the Greenplum Database data distribution key for this table.
HINT:  The 'DISTRIBUTED BY' clause determines the distribution of data. Make sure column(s) chosen are the optimal data distribution key to minimize skew.
INSERT INTO baz_s VALUES (9);
SELECT bar_s.c FROM bar_s, foo_s WHERE foo_s.b = (SELECT max(i) FROM baz_s WHERE bar_s.c = 9) AND foo_s.b = bar_s.d::int4;
 c 
---
 9
 9
(2 rows)

DROP TABLE bar_s;
DROP TABLE foo_s;
DROP TABLE baz_s;
--
-- EXPLAIN tests for queries in subselect.sql to significant plan changes
--
-- Set up some simple test tables
CREATE TABLE SUBSELECT_TBL (
  f1 integer,
  f2 integer,
  f3 float
);
NOTICE:  Table doesn't have 'DISTRIBUTED BY' clause -- Using column named 'f1' as the Greenplum Database data distribution key for this table.
HINT:  The 'DISTRIBUTED BY' clause determines the distribution of data. Make sure column(s) chosen are the optimal data distribution key to minimize skew.
INSERT INTO SUBSELECT_TBL VALUES (1, 2, 3);
INSERT INTO SUBSELECT_TBL VALUES (2, 3, 4);
INSERT INTO SUBSELECT_TBL VALUES (3, 4, 5);
INSERT INTO SUBSELECT_TBL VALUES (1, 1, 1);
INSERT INTO SUBSELECT_TBL VALUES (2, 2, 2);
INSERT INTO SUBSELECT_TBL VALUES (3, 3, 3);
INSERT INTO SUBSELECT_TBL VALUES (6, 7, 8);
INSERT INTO SUBSELECT_TBL VALUES (8, 9, NULL);
ANALYZE SUBSELECT_TBL;
-- Uncorrelated subselects
EXPLAIN SELECT '' AS six, f1 AS "Uncorrelated Field" FROM SUBSELECT_TBL
  WHERE f1 IN (SELECT f2 FROM SUBSELECT_TBL) ORDER BY 2;
                                                QUERY PLAN                                                
----------------------------------------------------------------------------------------------------------
 Gather Motion 3:1  (slice2; segments: 3)  (cost=2.12..2.13 rows=4 width=4)
   Merge Key: subselect_gp.subselect_tbl.f1
   ->  Sort  (cost=2.12..2.13 rows=2 width=4)
         Sort Key: subselect_gp.subselect_tbl.f1
         ->  Hash Semi Join  (cost=3.34..6.59 rows=4 width=4)
               Hash Cond: subselect_gp.subselect_tbl.f1 = subselect_gp.subselect_tbl.f2
               ->  Seq Scan on subselect_tbl  (cost=0.00..1.01 rows=1 width=4)
               ->  Hash  (cost=1.03..1.03 rows=1 width=4)
                     ->  Redistribute Motion 3:3  (slice1; segments: 3)  (cost=0.00..1.03 rows=1 width=4)
                           Hash Key: subselect_gp.subselect_tbl.f2
                           ->  Seq Scan on subselect_tbl  (cost=0.00..1.01 rows=1 width=4)
 Settings:  optimizer=off
 Optimizer status: legacy query optimizer
(13 rows)

EXPLAIN SELECT '' AS six, f1 AS "Uncorrelated Field" FROM SUBSELECT_TBL
  WHERE f1 IN (SELECT f2 FROM SUBSELECT_TBL WHERE
    f2 IN (SELECT f1 FROM SUBSELECT_TBL)) ORDER BY 2;
                                                   QUERY PLAN                                                   
----------------------------------------------------------------------------------------------------------------
 Gather Motion 3:1  (slice2; segments: 3)  (cost=10.51..10.57 rows=21 width=4)
   Merge Key: subselect_gp.subselect_tbl.f1
   ->  Sort  (cost=10.51..10.57 rows=7 width=4)
         Sort Key: subselect_gp.subselect_tbl.f1
         ->  Hash Semi Join  (cost=6.74..10.05 rows=7 width=4)
               Hash Cond: subselect_gp.subselect_tbl.f1 = subselect_gp.subselect_tbl.f2
               ->  Seq Scan on subselect_tbl  (cost=0.00..3.08 rows=3 width=4)
               ->  Hash  (cost=6.59..6.59 rows=4 width=8)
                     ->  Hash Join  (cost=3.18..6.59 rows=4 width=8)
                           Hash Cond: subselect_gp.subselect_tbl.f2 = subselect_gp.subselect_tbl.f1
                           ->  Redistribute Motion 3:3  (slice1; segments: 3)  (cost=0.00..3.24 rows=3 width=4)
                                 Hash Key: subselect_gp.subselect_tbl.f2
                                 ->  Seq Scan on subselect_tbl  (cost=0.00..3.08 rows=3 width=4)
                           ->  Hash  (cost=3.08..3.08 rows=3 width=4)
                                 ->  Seq Scan on subselect_tbl  (cost=0.00..3.08 rows=3 width=4)
 Settings:  optimizer=off
 Optimizer status: legacy query optimizer
(17 rows)

EXPLAIN SELECT '' AS three, f1, f2
  FROM SUBSELECT_TBL
  WHERE (f1, f2) NOT IN (SELECT f2, CAST(f3 AS int4) FROM SUBSELECT_TBL
                         WHERE f3 IS NOT NULL) ORDER BY 2,3;
                                                                             QUERY PLAN                                                                              
---------------------------------------------------------------------------------------------------------------------------------------------------------------------
 Gather Motion 3:1  (slice2; segments: 3)  (cost=11.20..11.22 rows=8 width=8)
   Merge Key: subselect_gp.subselect_tbl.f1, subselect_gp.subselect_tbl.f2
   ->  Sort  (cost=11.20..11.22 rows=3 width=8)
         Sort Key: subselect_gp.subselect_tbl.f1, subselect_gp.subselect_tbl.f2
         ->  Nested Loop Left Anti Semi Join (Not-In)  (cost=3.38..11.08 rows=3 width=8)
               Join Filter: subselect_gp.subselect_tbl.f1 = subselect_gp.subselect_tbl.f2 AND subselect_gp.subselect_tbl.f2 = subselect_gp.subselect_tbl.f3::integer
               ->  Seq Scan on subselect_tbl  (cost=0.00..3.08 rows=3 width=8)
               ->  Materialize  (cost=3.38..3.59 rows=7 width=12)
                     ->  Broadcast Motion 3:3  (slice1; segments: 3)  (cost=0.00..3.36 rows=7 width=12)
                           ->  Seq Scan on subselect_tbl  (cost=0.00..3.08 rows=3 width=12)
                                 Filter: f3 IS NOT NULL
 Optimizer status: legacy query optimizer
(12 rows)

EXPLAIN SELECT * FROM tenk1 a, tenk1 b
WHERE (a.unique1,b.unique2) IN (SELECT unique1,unique2 FROM tenk1 c);
                                                  QUERY PLAN                                                  
--------------------------------------------------------------------------------------------------------------
 Gather Motion 3:1  (slice3; segments: 3)  (cost=872.40..1679.60 rows=10090 width=488)
   ->  Hash Join  (cost=872.40..1679.60 rows=3364 width=488)
         Hash Cond: c.unique1 = a.unique1
         ->  Redistribute Motion 3:3  (slice2; segments: 3)  (cost=556.38..1212.22 rows=3364 width=248)
               Hash Key: c.unique1
               ->  Hash Join  (cost=556.38..1010.42 rows=3364 width=248)
                     Hash Cond: c.unique2 = b.unique2
                     ->  Broadcast Motion 3:3  (slice1; segments: 3)  (cost=240.35..543.05 rows=3364 width=8)
                           ->  HashAggregate  (cost=240.35..341.25 rows=3364 width=8)
                                 Group By: c.unique1, c.unique2
                                 ->  Seq Scan on tenk1 c  (cost=0.00..189.90 rows=3364 width=8)
                     ->  Hash  (cost=189.90..189.90 rows=3364 width=244)
                           ->  Seq Scan on tenk1 b  (cost=0.00..189.90 rows=3364 width=244)
         ->  Hash  (cost=189.90..189.90 rows=3364 width=244)
               ->  Seq Scan on tenk1 a  (cost=0.00..189.90 rows=3364 width=244)
 Settings:  optimizer=off
 Optimizer status: legacy query optimizer
(17 rows)

-- Correlated subselects
EXPLAIN SELECT '' AS six, f1 AS "Correlated Field", f2 AS "Second Field"
  FROM SUBSELECT_TBL upper
  WHERE f1 IN (SELECT f2 FROM SUBSELECT_TBL WHERE f1 = upper.f1) ORDER BY 2,3;
                                     QUERY PLAN                                      
-------------------------------------------------------------------------------------
 Gather Motion 3:1  (slice1; segments: 3)  (cost=2.10..2.11 rows=4 width=8)
   Merge Key: upper.f1, upper.f2
   ->  Sort  (cost=2.10..2.11 rows=2 width=8)
         Sort Key: upper.f1, upper.f2
         ->  Hash Semi Join  (cost=3.11..6.25 rows=2 width=8)
               Hash Cond: upper.f1 = subselect_tbl.f1
               ->  Seq Scan on subselect_tbl upper  (cost=0.00..1.01 rows=1 width=8)
               ->  Hash  (cost=1.01..1.01 rows=1 width=8)
                     ->  Seq Scan on subselect_tbl  (cost=0.00..1.01 rows=1 width=8)
                           Filter: f1 = f2
 Settings:  optimizer=off
 Optimizer status: legacy query optimizer
(12 rows)

EXPLAIN SELECT '' AS six, f1 AS "Correlated Field", f3 AS "Second Field"
  FROM SUBSELECT_TBL upper
  WHERE f1 IN
    (SELECT f2 FROM SUBSELECT_TBL WHERE CAST(upper.f2 AS float) = f3) ORDER BY 2,3;
                                                QUERY PLAN                                                 
-----------------------------------------------------------------------------------------------------------
 Gather Motion 3:1  (slice2; segments: 3)  (cost=2.13..2.14 rows=4 width=12)
   Merge Key: upper.f1, upper.f3
   ->  Sort  (cost=2.13..2.14 rows=2 width=12)
         Sort Key: upper.f1, upper.f3
         ->  Hash Semi Join  (cost=3.36..6.52 rows=2 width=12)
               Hash Cond: upper.f1 = subselect_tbl.f2 AND upper.f2::double precision = subselect_tbl.f3
               ->  Seq Scan on subselect_tbl upper  (cost=0.00..1.01 rows=1 width=16)
               ->  Hash  (cost=1.03..1.03 rows=1 width=12)
                     ->  Redistribute Motion 3:3  (slice1; segments: 3)  (cost=0.00..1.03 rows=1 width=12)
                           Hash Key: subselect_tbl.f2
                           ->  Seq Scan on subselect_tbl  (cost=0.00..1.01 rows=1 width=12)
 Settings:  optimizer=off
 Optimizer status: legacy query optimizer
(13 rows)

EXPLAIN SELECT '' AS six, f1 AS "Correlated Field", f3 AS "Second Field"
  FROM SUBSELECT_TBL upper
  WHERE f3 IN (SELECT upper.f1 + f2 FROM SUBSELECT_TBL
               WHERE f2 = CAST(f3 AS integer)) ORDER BY 2,3;
                                               QUERY PLAN                                               
--------------------------------------------------------------------------------------------------------
 Gather Motion 3:1  (slice2; segments: 3)  (cost=2.18..2.19 rows=4 width=12)
   Merge Key: upper.f1, upper.f3
   ->  Sort  (cost=2.18..2.19 rows=2 width=12)
         Sort Key: upper.f1, upper.f3
         ->  Nested Loop Semi Join  (cost=3.16..6.90 rows=2 width=12)
               Join Filter: (upper.f1 + subselect_tbl.f2)::double precision = upper.f3
               ->  Seq Scan on subselect_tbl upper  (cost=0.00..1.01 rows=1 width=12)
               ->  Materialize  (cost=1.06..1.09 rows=1 width=12)
                     ->  Broadcast Motion 3:3  (slice1; segments: 3)  (cost=0.00..1.05 rows=1 width=12)
                           ->  Seq Scan on subselect_tbl  (cost=0.00..1.01 rows=1 width=12)
                                 Filter: f2 = f3::integer
 Settings:  optimizer=off
 Optimizer status: legacy query optimizer
(13 rows)

EXPLAIN SELECT '' AS five, f1 AS "Correlated Field"
  FROM SUBSELECT_TBL
  WHERE (f1, f2) IN (SELECT f2, CAST(f3 AS int4) FROM SUBSELECT_TBL
                     WHERE f3 IS NOT NULL) ORDER BY 2;
                                                                            QUERY PLAN                                                                             
-------------------------------------------------------------------------------------------------------------------------------------------------------------------
 Gather Motion 3:1  (slice2; segments: 3)  (cost=2.13..2.14 rows=4 width=4)
   Merge Key: subselect_gp.subselect_tbl.f1
   ->  Sort  (cost=2.13..2.14 rows=2 width=4)
         Sort Key: subselect_gp.subselect_tbl.f1
         ->  Hash Semi Join  (cost=3.33..6.49 rows=2 width=4)
               Hash Cond: subselect_gp.subselect_tbl.f1 = subselect_gp.subselect_tbl.f2 AND subselect_gp.subselect_tbl.f2 = subselect_gp.subselect_tbl.f3::integer
               ->  Seq Scan on subselect_tbl  (cost=0.00..1.01 rows=1 width=8)
               ->  Hash  (cost=1.03..1.03 rows=1 width=12)
                     ->  Redistribute Motion 3:3  (slice1; segments: 3)  (cost=0.00..1.03 rows=1 width=12)
                           Hash Key: subselect_gp.subselect_tbl.f2
                           ->  Seq Scan on subselect_tbl  (cost=0.00..1.01 rows=1 width=12)
                                 Filter: f3 IS NOT NULL
 Settings:  optimizer=off
 Optimizer status: legacy query optimizer
(14 rows)

--
-- Test cases to catch unpleasant interactions between IN-join processing
-- and subquery pullup.
--
EXPLAIN select count(*) from
  (select 1 from tenk1 a
   where unique1 IN (select hundred from tenk1 b)) ss;
                                                        QUERY PLAN                                                         
---------------------------------------------------------------------------------------------------------------------------
 Aggregate  (cost=752.98..752.99 rows=1 width=8)
   ->  Gather Motion 3:1  (slice2; segments: 3)  (cost=752.91..752.96 rows=1 width=8)
         ->  Aggregate  (cost=752.91..752.92 rows=1 width=8)
               ->  Hash Join  (cost=414.79..728.02 rows=3319 width=4)
                     Hash Cond: a.unique1 = b.hundred
                     ->  Seq Scan on tenk1 a  (cost=0.00..188.55 rows=3319 width=4)
                     ->  Hash  (cost=413.54..413.54 rows=34 width=4)
                           ->  HashAggregate  (cost=412.54..413.54 rows=34 width=4)
                                 Group By: b.hundred
                                 ->  Redistribute Motion 3:3  (slice1; segments: 3)  (cost=0.00..387.65 rows=3319 width=4)
                                       Hash Key: b.hundred
                                       ->  Seq Scan on tenk1 b  (cost=0.00..188.55 rows=3319 width=4)
 Settings:  optimizer=off
 Optimizer status: legacy query optimizer
(14 rows)

EXPLAIN select count(distinct ss.ten) from
  (select ten from tenk1 a
   where unique1 IN (select hundred from tenk1 b)) ss;
                                                     QUERY PLAN                                                      
---------------------------------------------------------------------------------------------------------------------
 Aggregate  (cost=1176.00..1176.01 rows=1 width=8)
   ->  Gather Motion 3:1  (slice2; segments: 3)  (cost=414.79..1126.22 rows=9955 width=4)
         ->  Hash Join  (cost=414.79..728.02 rows=3319 width=4)
               Hash Cond: a.unique1 = b.hundred
               ->  Seq Scan on tenk1 a  (cost=0.00..188.55 rows=3319 width=8)
               ->  Hash  (cost=413.54..413.54 rows=34 width=4)
                     ->  HashAggregate  (cost=412.54..413.54 rows=34 width=4)
                           Group By: b.hundred
                           ->  Redistribute Motion 3:3  (slice1; segments: 3)  (cost=0.00..387.65 rows=3319 width=4)
                                 Hash Key: b.hundred
                                 ->  Seq Scan on tenk1 b  (cost=0.00..188.55 rows=3319 width=4)
 Settings:  optimizer=off
 Optimizer status: legacy query optimizer
(13 rows)

EXPLAIN select count(*) from
  (select 1 from tenk1 a
   where unique1 IN (select distinct hundred from tenk1 b)) ss;
                                                        QUERY PLAN                                                         
---------------------------------------------------------------------------------------------------------------------------
 Aggregate  (cost=752.98..752.99 rows=1 width=8)
   ->  Gather Motion 3:1  (slice2; segments: 3)  (cost=752.91..752.96 rows=1 width=8)
         ->  Aggregate  (cost=752.91..752.92 rows=1 width=8)
               ->  Hash Join  (cost=414.79..728.02 rows=3319 width=0)
                     Hash Cond: a.unique1 = b.hundred
                     ->  Seq Scan on tenk1 a  (cost=0.00..188.55 rows=3319 width=4)
                     ->  Hash  (cost=413.54..413.54 rows=34 width=4)
                           ->  HashAggregate  (cost=412.54..413.54 rows=34 width=4)
                                 Group By: b.hundred
                                 ->  Redistribute Motion 3:3  (slice1; segments: 3)  (cost=0.00..387.65 rows=3319 width=4)
                                       Hash Key: b.hundred
                                       ->  Seq Scan on tenk1 b  (cost=0.00..188.55 rows=3319 width=4)
 Settings:  optimizer=off
 Optimizer status: legacy query optimizer
(14 rows)

EXPLAIN select count(distinct ss.ten) from
  (select ten from tenk1 a
   where unique1 IN (select distinct hundred from tenk1 b)) ss;
                                                     QUERY PLAN                                                      
---------------------------------------------------------------------------------------------------------------------
 Aggregate  (cost=1176.00..1176.01 rows=1 width=8)
   ->  Gather Motion 3:1  (slice2; segments: 3)  (cost=414.79..1126.22 rows=9955 width=4)
         ->  Hash Join  (cost=414.79..728.02 rows=3319 width=4)
               Hash Cond: a.unique1 = b.hundred
               ->  Seq Scan on tenk1 a  (cost=0.00..188.55 rows=3319 width=8)
               ->  Hash  (cost=413.54..413.54 rows=34 width=4)
                     ->  HashAggregate  (cost=412.54..413.54 rows=34 width=4)
                           Group By: b.hundred
                           ->  Redistribute Motion 3:3  (slice1; segments: 3)  (cost=0.00..387.65 rows=3319 width=4)
                                 Hash Key: b.hundred
                                 ->  Seq Scan on tenk1 b  (cost=0.00..188.55 rows=3319 width=4)
 Settings:  optimizer=off
 Optimizer status: legacy query optimizer
(13 rows)

--
-- In case of simple exists query, planner can generate alternative
-- subplans and choose one of them during execution based on the cost.
-- The below test check that we are generating alternative subplans,
-- we should see 2 subplans in the explain
--
EXPLAIN SELECT EXISTS(SELECT * FROM tenk1 WHERE tenk1.unique1 = tenk2.unique1) FROM tenk2 LIMIT 1;
                                                      QUERY PLAN                                                       
-----------------------------------------------------------------------------------------------------------------------
 Limit  (cost=0.00..213.48 rows=1 width=4)
   ->  Gather Motion 3:1  (slice3; segments: 3)  (cost=0.00..213.48 rows=1 width=4)
         ->  Limit  (cost=0.00..213.46 rows=1 width=4)
               ->  Seq Scan on tenk2  (cost=0.00..2125810.65 rows=3320 width=4)
                     SubPlan 1
                       ->  Result  (cost=213.44..213.45 rows=1 width=0)
                             Filter: public.tenk1.unique1 = $0
                             ->  Materialize  (cost=213.44..213.45 rows=1 width=0)
                                   ->  Broadcast Motion 3:3  (slice1; segments: 3)  (cost=0.00..213.44 rows=1 width=0)
                                         ->  Seq Scan on tenk1  (cost=0.00..213.44 rows=1 width=0)
                     SubPlan 2
                       ->  Materialize  (cost=198.51..298.06 rows=3319 width=4)
                             ->  Broadcast Motion 3:3  (slice2; segments: 3)  (cost=0.00..188.55 rows=3319 width=4)
                                   ->  Seq Scan on tenk1  (cost=0.00..188.55 rows=3319 width=4)
 Settings:  optimizer=off
 Optimizer status: legacy query optimizer
(16 rows)

SELECT EXISTS(SELECT * FROM tenk1 WHERE tenk1.unique1 = tenk2.unique1) FROM tenk2 LIMIT 1;
 ?column?
----------
 t
(1 row)

