-- test memory limit
-- start_ignore
DROP ROLE IF EXISTS role_memory_test;
DROP RESOURCE GROUP rg_memory_test;
DROP TABLE t_memory_limit;
-- end_ignore

-- create a pl function to show the memory used by a process
CREATE OR REPLACE FUNCTION func_memory_test (text) RETURNS text as /*in func*/ $$ /*in func*/ DECLARE /*in func*/ ln text; /*in func*/ tmp text[]; /*in func*/ match bool := false; /*in func*/ BEGIN /*in func*/ FOR ln IN execute format('explain analyze %s', $1) LOOP /*in func*/ IF NOT match THEN      /*in func*/ tmp := regexp_match(ln, 'Memory used:  (.*)'); /*in func*/ IF tmp IS NOT null THEN /*in func*/ match := true; /*in func*/ END IF; /*in func*/ END IF; /*in func*/ END LOOP; /*in func*/ RETURN tmp[1]; /*in func*/ END; /*in func*/ $$ /*in func*/ LANGUAGE plpgsql;
CREATE

-- create a resource group with memory limit 100 Mb
CREATE RESOURCE GROUP rg_memory_test WITH(memory_limit=100, cpu_hard_quota_limit=20, concurrency=2);
CREATE
CREATE ROLE role_memory_test RESOURCE GROUP rg_memory_test;
CREATE

-- session1: explain memory used by query
-- user requests less than statement_mem, set query's memory limit to statement_mem
1: SET ROLE TO role_memory_test;
SET
1: CREATE TABLE t_memory_limit(a int);
CREATE
1: BEGIN;
BEGIN
1: SHOW statement_mem;
 statement_mem 
---------------
 125MB         
(1 row)
1: SELECT func_memory_test('SELECT * FROM t_memory_limit');
 func_memory_test 
------------------
 128000kB         
(1 row)

-- session2: test alter resource group's memory limit
2: ALTER RESOURCE GROUP rg_memory_test SET memory_limit 1000;
ALTER

-- memory used will grow up to 500 Mb
1: SELECT func_memory_test('SELECT * FROM t_memory_limit');
 func_memory_test 
------------------
 512000kB         
(1 row)
1: END;
END
-- set gp_resgroup_memory_query_fixed_mem to 200MB
1: SET gp_resgroup_memory_query_fixed_mem to 204800;
SET
1: SELECT func_memory_test('SELECT * FROM t_memory_limit');
 func_memory_test 
------------------
 204800kB         
(1 row)
1: RESET gp_resgroup_memory_query_fixed_mem;
RESET

-- pure-catalog query will be unassigned and bypassed and use statement_mem as query mem.
1: EXPLAIN ANALYZE SELECT * FROM pg_class WHERE relname = 't_memory_limit';
 QUERY PLAN                                                                                                                            
---------------------------------------------------------------------------------------------------------------------------------------
 Index Scan using pg_class_relname_nsp_index on pg_class  (cost=0.15..8.17 rows=1 width=265) (actual time=0.006..0.007 rows=1 loops=1) 
   Index Cond: (relname = 't_memory_limit'::name)                                                                                      
 Optimizer: Postgres query optimizer                                                                                                   
 Planning Time: 2.538 ms                                                                                                               
   (slice0)    Executor memory: 41K bytes.                                                                                             
 Memory used:  128000kB                                                                                                                
 Execution Time: 0.270 ms                                                                                                              
(7 rows)

-- session2: alter resource group's min_cost
2: ALTER RESOURCE GROUP rg_memory_test SET min_cost 500;
ALTER

-- for quries with cost under the min_cost limit, they will be unassigned and bypassed.
1: EXPLAIN ANALYZE SELECT * FROM t_memory_limit where a = 1;
 QUERY PLAN                                                                                                              
-------------------------------------------------------------------------------------------------------------------------
 Gather Motion 1:1  (slice1; segments: 1)  (cost=0.00..436.53 rows=96 width=4) (actual time=0.399..0.399 rows=0 loops=1) 
   ->  Seq Scan on t_memory_limit  (cost=0.00..435.25 rows=32 width=4) (actual time=0.000..0.006 rows=0 loops=1)         
         Filter: (a = 1)                                                                                                 
 Optimizer: Postgres query optimizer                                                                                     
 Planning Time: 0.273 ms                                                                                                 
   (slice0)    Executor memory: 36K bytes.                                                                               
   (slice1)    Executor memory: 38K bytes (seg1).                                                                        
 Memory used:  128000kB                                                                                                  
 Execution Time: 0.647 ms                                                                                                
(9 rows)

1: RESET ROLE;
RESET
-- clean
DROP FUNCTION func_memory_test(text);
DROP
DROP TABLE t_memory_limit;
DROP
DROP ROLE IF EXISTS role_memory_test;
DROP
DROP RESOURCE GROUP rg_memory_test;
DROP
